<?xml version="1.0" encoding="UTF-8"?>
<testsuite name="tests.WebQuizEngineTest" tests="1" skipped="0" failures="0" errors="0" timestamp="2021-05-11T19:55:29" hostname="Air-Petr" time="38.405">
  <properties/>
  <testcase name="start" classname="tests.WebQuizEngineTest" time="38.405"/>
  <system-out><![CDATA[?[1;31m
Start test 1?[0m

  .   ____          _            __ _ _
 /\\ / ___'_ __ _ _(_)_ __  __ _ \ \ \ \
( ( )\___ | '_ | '_| | '_ \/ _` | \ \ \ \
 \\/  ___)| |_)| | | | | || (_| |  ) ) ) )
  '  |____| .__|_| |_|_| |_\__, | / / / /
 =========|_|==============|___/=/_/_/_/
 :: Spring Boot ::        (v2.2.2.RELEASE)

2021-05-11 22:55:30.553  INFO 2142 --- [    Test worker] engine.WebQuizEngine                     : Starting WebQuizEngine on Air-Petr with PID 2142 (started by petrkireev in /Users/petrkireev/IdeaProjects/Web Quiz Engine/Web Quiz Engine/task)
2021-05-11 22:55:30.559  INFO 2142 --- [    Test worker] engine.WebQuizEngine                     : No active profile set, falling back to default profiles: default
2021-05-11 22:55:32.640  INFO 2142 --- [    Test worker] .s.d.r.c.RepositoryConfigurationDelegate : Bootstrapping Spring Data JPA repositories in DEFAULT mode.
2021-05-11 22:55:32.769  INFO 2142 --- [    Test worker] .s.d.r.c.RepositoryConfigurationDelegate : Finished Spring Data repository scanning in 106ms. Found 4 JPA repository interfaces.
2021-05-11 22:55:33.511  INFO 2142 --- [    Test worker] trationDelegate$BeanPostProcessorChecker : Bean 'org.springframework.transaction.annotation.ProxyTransactionManagementConfiguration' of type [org.springframework.transaction.annotation.ProxyTransactionManagementConfiguration] is not eligible for getting processed by all BeanPostProcessors (for example: not eligible for auto-proxying)
2021-05-11 22:55:33.997  INFO 2142 --- [    Test worker] o.s.b.w.embedded.tomcat.TomcatWebServer  : Tomcat initialized with port(s): 8889 (http)
2021-05-11 22:55:34.021  INFO 2142 --- [    Test worker] o.apache.catalina.core.StandardService   : Starting service [Tomcat]
2021-05-11 22:55:34.022  INFO 2142 --- [    Test worker] org.apache.catalina.core.StandardEngine  : Starting Servlet engine: [Apache Tomcat/9.0.29]
2021-05-11 22:55:34.238  INFO 2142 --- [    Test worker] o.a.c.c.C.[Tomcat].[localhost].[/]       : Initializing Spring embedded WebApplicationContext
2021-05-11 22:55:34.239  INFO 2142 --- [    Test worker] o.s.web.context.ContextLoader            : Root WebApplicationContext: initialization completed in 3561 ms
2021-05-11 22:55:34.476  INFO 2142 --- [    Test worker] com.zaxxer.hikari.HikariDataSource       : HikariPool-1 - Starting...
2021-05-11 22:55:34.925  INFO 2142 --- [    Test worker] com.zaxxer.hikari.HikariDataSource       : HikariPool-1 - Start completed.
2021-05-11 22:55:34.939  INFO 2142 --- [    Test worker] o.s.b.a.h2.H2ConsoleAutoConfiguration    : H2 console available at '/h2-console'. Database available at 'jdbc:h2:file:../quizdb'
2021-05-11 22:55:35.410  INFO 2142 --- [    Test worker] o.hibernate.jpa.internal.util.LogHelper  : HHH000204: Processing PersistenceUnitInfo [name: default]
2021-05-11 22:55:35.648  INFO 2142 --- [    Test worker] org.hibernate.Version                    : HHH000412: Hibernate Core {5.4.9.Final}
2021-05-11 22:55:36.087  INFO 2142 --- [    Test worker] o.hibernate.annotations.common.Version   : HCANN000001: Hibernate Commons Annotations {5.1.0.Final}
2021-05-11 22:55:36.382  INFO 2142 --- [    Test worker] org.hibernate.dialect.Dialect            : HHH000400: Using dialect: org.hibernate.dialect.H2Dialect
Hibernate: create table quizzes (id integer not null, answer binary(255), creator varchar(255), options binary(255) not null, text varchar(255), title varchar(255), primary key (id))
Hibernate: create table roles (id integer not null, name varchar(255), primary key (id))
Hibernate: create table solved_quizzes (record_id integer not null, completed_at timestamp, id integer not null, user varchar(255), primary key (record_id))
Hibernate: create table users (id integer not null, email varchar(255), password varchar(255) not null, primary key (id))
Hibernate: create table users_roles (user_id integer not null, roles_id integer not null, primary key (user_id, roles_id))
Hibernate: create sequence hibernate_sequence start with 1 increment by 1
Hibernate: alter table users_roles add constraint FKa62j07k5mhgifpp955h37ponj foreign key (roles_id) references roles
Hibernate: alter table users_roles add constraint FK2o0jvgh89lemvvo17cbqvdxaa foreign key (user_id) references users
2021-05-11 22:55:38.190  INFO 2142 --- [    Test worker] o.h.e.t.j.p.i.JtaPlatformInitiator       : HHH000490: Using JtaPlatform implementation: [org.hibernate.engine.transaction.jta.platform.internal.NoJtaPlatform]
2021-05-11 22:55:38.205  INFO 2142 --- [    Test worker] j.LocalContainerEntityManagerFactoryBean : Initialized JPA EntityManagerFactory for persistence unit 'default'
2021-05-11 22:55:39.046  WARN 2142 --- [    Test worker] JpaBaseConfiguration$JpaWebConfiguration : spring.jpa.open-in-view is enabled by default. Therefore, database queries may be performed during view rendering. Explicitly configure spring.jpa.open-in-view to disable this warning
2021-05-11 22:55:39.502  INFO 2142 --- [    Test worker] o.s.s.web.DefaultSecurityFilterChain     : Creating filter chain: any request, [org.springframework.security.web.context.request.async.WebAsyncManagerIntegrationFilter@3374910f, org.springframework.security.web.context.SecurityContextPersistenceFilter@2a35f0f5, org.springframework.security.web.header.HeaderWriterFilter@604c1ec1, org.springframework.security.web.authentication.logout.LogoutFilter@452bae63, org.springframework.security.web.authentication.www.BasicAuthenticationFilter@42026b78, org.springframework.security.web.savedrequest.RequestCacheAwareFilter@43e0a657, org.springframework.security.web.servletapi.SecurityContextHolderAwareRequestFilter@2a35ea53, org.springframework.security.web.authentication.AnonymousAuthenticationFilter@673e5bcc, org.springframework.security.web.access.ExceptionTranslationFilter@572771b7, org.springframework.security.web.access.intercept.FilterSecurityInterceptor@748dcf80]
2021-05-11 22:55:39.727  INFO 2142 --- [    Test worker] o.s.s.concurrent.ThreadPoolTaskExecutor  : Initializing ExecutorService 'applicationTaskExecutor'
2021-05-11 22:55:40.206  INFO 2142 --- [    Test worker] o.s.b.a.e.web.EndpointLinksResolver      : Exposing 14 endpoint(s) beneath base path '/actuator'
2021-05-11 22:55:40.316  INFO 2142 --- [    Test worker] o.s.b.w.embedded.tomcat.TomcatWebServer  : Tomcat started on port(s): 8889 (http) with context path ''
2021-05-11 22:55:40.322  INFO 2142 --- [    Test worker] engine.WebQuizEngine                     : Started WebQuizEngine in 10.495 seconds (JVM running for 11.984)
2021-05-11 22:55:41.085  INFO 2142 --- [nio-8889-exec-1] o.a.c.c.C.[Tomcat].[localhost].[/]       : Initializing Spring DispatcherServlet 'dispatcherServlet'
2021-05-11 22:55:41.086  INFO 2142 --- [nio-8889-exec-1] o.s.web.servlet.DispatcherServlet        : Initializing Servlet 'dispatcherServlet'
2021-05-11 22:55:41.103  INFO 2142 --- [nio-8889-exec-1] o.s.web.servlet.DispatcherServlet        : Completed initialization in 16 ms
Hibernate: select user0_.id as id1_3_, user0_.email as email2_3_, user0_.password as password3_3_ from users user0_ where user0_.email=?
Hibernate: call next value for hibernate_sequence
Hibernate: insert into roles (name, id) values (?, ?)
Hibernate: call next value for hibernate_sequence
Hibernate: insert into users (email, password, id) values (?, ?, ?)
Hibernate: insert into users_roles (user_id, roles_id) values (?, ?)
?[1;31m
Start test 2?[0m
Hibernate: select user0_.id as id1_3_, user0_.email as email2_3_, user0_.password as password3_3_ from users user0_ where user0_.email=?
Hibernate: call next value for hibernate_sequence
Hibernate: insert into roles (name, id) values (?, ?)
Hibernate: call next value for hibernate_sequence
Hibernate: insert into users (email, password, id) values (?, ?, ?)
Hibernate: insert into users_roles (user_id, roles_id) values (?, ?)
?[1;31m
Start test 3?[0m
2021-05-11 22:55:42.190  WARN 2142 --- [nio-8889-exec-3] .w.s.m.s.DefaultHandlerExceptionResolver : Resolved [org.springframework.web.bind.MethodArgumentNotValidException: Validation failed for argument [0] in public void engine.QuizController.createUser(engine.User): [Field error in object 'user' on field 'email': rejected value [google.com]; codes [Pattern.user.email,Pattern.email,Pattern.java.lang.String,Pattern]; arguments [org.springframework.context.support.DefaultMessageSourceResolvable: codes [user.email,email]; arguments []; default message [email],[Ljavax.validation.constraints.Pattern$Flag;@1b434f90,\w+@\w+\.\w+]; default message [must match "\w+@\w+\.\w+"]] ]
?[1;31m
Start test 4?[0m
2021-05-11 22:55:42.317  WARN 2142 --- [nio-8889-exec-4] .w.s.m.s.DefaultHandlerExceptionResolver : Resolved [org.springframework.web.bind.MethodArgumentNotValidException: Validation failed for argument [0] in public void engine.QuizController.createUser(engine.User): [Field error in object 'user' on field 'email': rejected value [well@googlecom]; codes [Pattern.user.email,Pattern.email,Pattern.java.lang.String,Pattern]; arguments [org.springframework.context.support.DefaultMessageSourceResolvable: codes [user.email,email]; arguments []; default message [email],[Ljavax.validation.constraints.Pattern$Flag;@1b434f90,\w+@\w+\.\w+]; default message [must match "\w+@\w+\.\w+"]] ]
?[1;31m
Start test 5?[0m
Hibernate: select user0_.id as id1_3_, user0_.email as email2_3_, user0_.password as password3_3_ from users user0_ where user0_.email=?
Hibernate: select roles0_.user_id as user_id1_4_0_, roles0_.roles_id as roles_id2_4_0_, role1_.id as id1_1_1_, role1_.name as name2_1_1_ from users_roles roles0_ inner join roles role1_ on roles0_.roles_id=role1_.id where roles0_.user_id=?
?[1;31m
Start test 6?[0m
2021-05-11 22:55:42.391  WARN 2142 --- [nio-8889-exec-6] .w.s.m.s.DefaultHandlerExceptionResolver : Resolved [org.springframework.web.bind.MethodArgumentNotValidException: Validation failed for argument [0] in public void engine.QuizController.createUser(engine.User): [Field error in object 'user' on field 'password': rejected value [1234]; codes [Size.user.password,Size.password,Size.java.lang.String,Size]; arguments [org.springframework.context.support.DefaultMessageSourceResolvable: codes [user.password,password]; arguments []; default message [password],2147483647,5]; default message [size must be between 5 and 2147483647]] ]
?[1;31m
Start test 7?[0m
2021-05-11 22:55:42.403  WARN 2142 --- [nio-8889-exec-7] .w.s.m.s.DefaultHandlerExceptionResolver : Resolved [org.springframework.web.bind.MethodArgumentNotValidException: Validation failed for argument [0] in public void engine.QuizController.createUser(engine.User): [Field error in object 'user' on field 'password': rejected value [123]; codes [Size.user.password,Size.password,Size.java.lang.String,Size]; arguments [org.springframework.context.support.DefaultMessageSourceResolvable: codes [user.password,password]; arguments []; default message [password],2147483647,5]; default message [size must be between 5 and 2147483647]] ]
?[1;31m
Start test 8?[0m
Hibernate: select user0_.id as id1_3_, user0_.email as email2_3_, user0_.password as password3_3_ from users user0_ where user0_.email=?
Hibernate: select roles0_.user_id as user_id1_4_0_, roles0_.roles_id as roles_id2_4_0_, role1_.id as id1_1_1_, role1_.name as name2_1_1_ from users_roles roles0_ inner join roles role1_ on roles0_.roles_id=role1_.id where roles0_.user_id=?
Hibernate: select quiz0_.id as id1_0_, quiz0_.answer as answer2_0_, quiz0_.creator as creator3_0_, quiz0_.options as options4_0_, quiz0_.text as text5_0_, quiz0_.title as title6_0_ from quizzes quiz0_ limit ?
?[1;31m
Start test 9?[0m
Hibernate: select user0_.id as id1_3_, user0_.email as email2_3_, user0_.password as password3_3_ from users user0_ where user0_.email=?
Hibernate: select roles0_.user_id as user_id1_4_0_, roles0_.roles_id as roles_id2_4_0_, role1_.id as id1_1_1_, role1_.name as name2_1_1_ from users_roles roles0_ inner join roles role1_ on roles0_.roles_id=role1_.id where roles0_.user_id=?
Hibernate: select quiz0_.id as id1_0_, quiz0_.answer as answer2_0_, quiz0_.creator as creator3_0_, quiz0_.options as options4_0_, quiz0_.text as text5_0_, quiz0_.title as title6_0_ from quizzes quiz0_ limit ?
?[1;31m
Start test 10?[0m
Hibernate: select user0_.id as id1_3_, user0_.email as email2_3_, user0_.password as password3_3_ from users user0_ where user0_.email=?
Hibernate: select roles0_.user_id as user_id1_4_0_, roles0_.roles_id as roles_id2_4_0_, role1_.id as id1_1_1_, role1_.name as name2_1_1_ from users_roles roles0_ inner join roles role1_ on roles0_.roles_id=role1_.id where roles0_.user_id=?
Hibernate: call next value for hibernate_sequence
Hibernate: insert into quizzes (answer, creator, options, text, title, id) values (?, ?, ?, ?, ?, ?)
?[1;31m
Start test 11?[0m
Hibernate: select user0_.id as id1_3_, user0_.email as email2_3_, user0_.password as password3_3_ from users user0_ where user0_.email=?
Hibernate: select roles0_.user_id as user_id1_4_0_, roles0_.roles_id as roles_id2_4_0_, role1_.id as id1_1_1_, role1_.name as name2_1_1_ from users_roles roles0_ inner join roles role1_ on roles0_.roles_id=role1_.id where roles0_.user_id=?
Hibernate: select quiz0_.id as id1_0_0_, quiz0_.answer as answer2_0_0_, quiz0_.creator as creator3_0_0_, quiz0_.options as options4_0_0_, quiz0_.text as text5_0_0_, quiz0_.title as title6_0_0_ from quizzes quiz0_ where quiz0_.id=?
?[1;31m
Start test 12?[0m
Hibernate: select user0_.id as id1_3_, user0_.email as email2_3_, user0_.password as password3_3_ from users user0_ where user0_.email=?
Hibernate: select roles0_.user_id as user_id1_4_0_, roles0_.roles_id as roles_id2_4_0_, role1_.id as id1_1_1_, role1_.name as name2_1_1_ from users_roles roles0_ inner join roles role1_ on roles0_.roles_id=role1_.id where roles0_.user_id=?
Hibernate: select quiz0_.id as id1_0_0_, quiz0_.answer as answer2_0_0_, quiz0_.creator as creator3_0_0_, quiz0_.options as options4_0_0_, quiz0_.text as text5_0_0_, quiz0_.title as title6_0_0_ from quizzes quiz0_ where quiz0_.id=?
?[1;31m
Start test 13?[0m
Hibernate: select user0_.id as id1_3_, user0_.email as email2_3_, user0_.password as password3_3_ from users user0_ where user0_.email=?
Hibernate: select roles0_.user_id as user_id1_4_0_, roles0_.roles_id as roles_id2_4_0_, role1_.id as id1_1_1_, role1_.name as name2_1_1_ from users_roles roles0_ inner join roles role1_ on roles0_.roles_id=role1_.id where roles0_.user_id=?
Hibernate: select quiz0_.id as id1_0_, quiz0_.answer as answer2_0_, quiz0_.creator as creator3_0_, quiz0_.options as options4_0_, quiz0_.text as text5_0_, quiz0_.title as title6_0_ from quizzes quiz0_ limit ?
?[1;31m
Start test 14?[0m
Hibernate: select user0_.id as id1_3_, user0_.email as email2_3_, user0_.password as password3_3_ from users user0_ where user0_.email=?
Hibernate: select roles0_.user_id as user_id1_4_0_, roles0_.roles_id as roles_id2_4_0_, role1_.id as id1_1_1_, role1_.name as name2_1_1_ from users_roles roles0_ inner join roles role1_ on roles0_.roles_id=role1_.id where roles0_.user_id=?
Hibernate: call next value for hibernate_sequence
Hibernate: insert into quizzes (answer, creator, options, text, title, id) values (?, ?, ?, ?, ?, ?)
?[1;31m
Start test 15?[0m
Hibernate: select user0_.id as id1_3_, user0_.email as email2_3_, user0_.password as password3_3_ from users user0_ where user0_.email=?
Hibernate: select roles0_.user_id as user_id1_4_0_, roles0_.roles_id as roles_id2_4_0_, role1_.id as id1_1_1_, role1_.name as name2_1_1_ from users_roles roles0_ inner join roles role1_ on roles0_.roles_id=role1_.id where roles0_.user_id=?
Hibernate: select quiz0_.id as id1_0_0_, quiz0_.answer as answer2_0_0_, quiz0_.creator as creator3_0_0_, quiz0_.options as options4_0_0_, quiz0_.text as text5_0_0_, quiz0_.title as title6_0_0_ from quizzes quiz0_ where quiz0_.id=?
?[1;31m
Start test 16?[0m
Hibernate: select user0_.id as id1_3_, user0_.email as email2_3_, user0_.password as password3_3_ from users user0_ where user0_.email=?
Hibernate: select roles0_.user_id as user_id1_4_0_, roles0_.roles_id as roles_id2_4_0_, role1_.id as id1_1_1_, role1_.name as name2_1_1_ from users_roles roles0_ inner join roles role1_ on roles0_.roles_id=role1_.id where roles0_.user_id=?
Hibernate: select quiz0_.id as id1_0_0_, quiz0_.answer as answer2_0_0_, quiz0_.creator as creator3_0_0_, quiz0_.options as options4_0_0_, quiz0_.text as text5_0_0_, quiz0_.title as title6_0_0_ from quizzes quiz0_ where quiz0_.id=?
?[1;31m
Start test 17?[0m
Hibernate: select user0_.id as id1_3_, user0_.email as email2_3_, user0_.password as password3_3_ from users user0_ where user0_.email=?
Hibernate: select roles0_.user_id as user_id1_4_0_, roles0_.roles_id as roles_id2_4_0_, role1_.id as id1_1_1_, role1_.name as name2_1_1_ from users_roles roles0_ inner join roles role1_ on roles0_.roles_id=role1_.id where roles0_.user_id=?
Hibernate: select quiz0_.id as id1_0_, quiz0_.answer as answer2_0_, quiz0_.creator as creator3_0_, quiz0_.options as options4_0_, quiz0_.text as text5_0_, quiz0_.title as title6_0_ from quizzes quiz0_ limit ?
?[1;31m
Start test 18?[0m
?[1;31m
Start test 19?[0m
?[1;31m
Start test 20?[0m
?[1;31m
Start test 21?[0m
?[1;31m
Start test 22?[0m
?[1;31m
Start test 23?[0m
?[1;31m
Start test 24?[0m
?[1;31m
Start test 25?[0m
?[1;31m
Start test 26?[0m
Hibernate: select user0_.id as id1_3_, user0_.email as email2_3_, user0_.password as password3_3_ from users user0_ where user0_.email=?
?[1;31m
Start test 27?[0m
Hibernate: select user0_.id as id1_3_, user0_.email as email2_3_, user0_.password as password3_3_ from users user0_ where user0_.email=?
?[1;31m
Start test 28?[0m
Hibernate: select user0_.id as id1_3_, user0_.email as email2_3_, user0_.password as password3_3_ from users user0_ where user0_.email=?
?[1;31m
Start test 29?[0m
Hibernate: select user0_.id as id1_3_, user0_.email as email2_3_, user0_.password as password3_3_ from users user0_ where user0_.email=?
?[1;31m
Start test 30?[0m
Hibernate: select user0_.id as id1_3_, user0_.email as email2_3_, user0_.password as password3_3_ from users user0_ where user0_.email=?
?[1;31m
Start test 31?[0m
Hibernate: select user0_.id as id1_3_, user0_.email as email2_3_, user0_.password as password3_3_ from users user0_ where user0_.email=?
?[1;31m
Start test 32?[0m
Hibernate: select user0_.id as id1_3_, user0_.email as email2_3_, user0_.password as password3_3_ from users user0_ where user0_.email=?
?[1;31m
Start test 33?[0m
Hibernate: select user0_.id as id1_3_, user0_.email as email2_3_, user0_.password as password3_3_ from users user0_ where user0_.email=?
?[1;31m
Start test 34?[0m
Hibernate: select user0_.id as id1_3_, user0_.email as email2_3_, user0_.password as password3_3_ from users user0_ where user0_.email=?
Hibernate: select roles0_.user_id as user_id1_4_0_, roles0_.roles_id as roles_id2_4_0_, role1_.id as id1_1_1_, role1_.name as name2_1_1_ from users_roles roles0_ inner join roles role1_ on roles0_.roles_id=role1_.id where roles0_.user_id=?
Hibernate: select quiz0_.id as id1_0_0_, quiz0_.answer as answer2_0_0_, quiz0_.creator as creator3_0_0_, quiz0_.options as options4_0_0_, quiz0_.text as text5_0_0_, quiz0_.title as title6_0_0_ from quizzes quiz0_ where quiz0_.id=?
?[1;31m
Start test 35?[0m
Hibernate: select user0_.id as id1_3_, user0_.email as email2_3_, user0_.password as password3_3_ from users user0_ where user0_.email=?
Hibernate: select roles0_.user_id as user_id1_4_0_, roles0_.roles_id as roles_id2_4_0_, role1_.id as id1_1_1_, role1_.name as name2_1_1_ from users_roles roles0_ inner join roles role1_ on roles0_.roles_id=role1_.id where roles0_.user_id=?
Hibernate: select quiz0_.id as id1_0_0_, quiz0_.answer as answer2_0_0_, quiz0_.creator as creator3_0_0_, quiz0_.options as options4_0_0_, quiz0_.text as text5_0_0_, quiz0_.title as title6_0_0_ from quizzes quiz0_ where quiz0_.id=?
?[1;31m
Start test 36?[0m
Hibernate: select user0_.id as id1_3_, user0_.email as email2_3_, user0_.password as password3_3_ from users user0_ where user0_.email=?
Hibernate: select roles0_.user_id as user_id1_4_0_, roles0_.roles_id as roles_id2_4_0_, role1_.id as id1_1_1_, role1_.name as name2_1_1_ from users_roles roles0_ inner join roles role1_ on roles0_.roles_id=role1_.id where roles0_.user_id=?
Hibernate: select quiz0_.id as id1_0_0_, quiz0_.answer as answer2_0_0_, quiz0_.creator as creator3_0_0_, quiz0_.options as options4_0_0_, quiz0_.text as text5_0_0_, quiz0_.title as title6_0_0_ from quizzes quiz0_ where quiz0_.id=?
Hibernate: select solvedquiz0_.record_id as record_i1_2_0_, solvedquiz0_.completed_at as complete2_2_0_, solvedquiz0_.id as id3_2_0_, solvedquiz0_.user as user4_2_0_ from solved_quizzes solvedquiz0_ where solvedquiz0_.record_id=?
Hibernate: call next value for hibernate_sequence
Hibernate: insert into solved_quizzes (completed_at, id, user, record_id) values (?, ?, ?, ?)
?[1;31m
Start test 37?[0m
Hibernate: select user0_.id as id1_3_, user0_.email as email2_3_, user0_.password as password3_3_ from users user0_ where user0_.email=?
Hibernate: select roles0_.user_id as user_id1_4_0_, roles0_.roles_id as roles_id2_4_0_, role1_.id as id1_1_1_, role1_.name as name2_1_1_ from users_roles roles0_ inner join roles role1_ on roles0_.roles_id=role1_.id where roles0_.user_id=?
Hibernate: select quiz0_.id as id1_0_0_, quiz0_.answer as answer2_0_0_, quiz0_.creator as creator3_0_0_, quiz0_.options as options4_0_0_, quiz0_.text as text5_0_0_, quiz0_.title as title6_0_0_ from quizzes quiz0_ where quiz0_.id=?
?[1;31m
Start test 38?[0m
Hibernate: select user0_.id as id1_3_, user0_.email as email2_3_, user0_.password as password3_3_ from users user0_ where user0_.email=?
Hibernate: select roles0_.user_id as user_id1_4_0_, roles0_.roles_id as roles_id2_4_0_, role1_.id as id1_1_1_, role1_.name as name2_1_1_ from users_roles roles0_ inner join roles role1_ on roles0_.roles_id=role1_.id where roles0_.user_id=?
Hibernate: select quiz0_.id as id1_0_0_, quiz0_.answer as answer2_0_0_, quiz0_.creator as creator3_0_0_, quiz0_.options as options4_0_0_, quiz0_.text as text5_0_0_, quiz0_.title as title6_0_0_ from quizzes quiz0_ where quiz0_.id=?
?[1;31m
Start test 39?[0m
Hibernate: select user0_.id as id1_3_, user0_.email as email2_3_, user0_.password as password3_3_ from users user0_ where user0_.email=?
Hibernate: select roles0_.user_id as user_id1_4_0_, roles0_.roles_id as roles_id2_4_0_, role1_.id as id1_1_1_, role1_.name as name2_1_1_ from users_roles roles0_ inner join roles role1_ on roles0_.roles_id=role1_.id where roles0_.user_id=?
Hibernate: select quiz0_.id as id1_0_0_, quiz0_.answer as answer2_0_0_, quiz0_.creator as creator3_0_0_, quiz0_.options as options4_0_0_, quiz0_.text as text5_0_0_, quiz0_.title as title6_0_0_ from quizzes quiz0_ where quiz0_.id=?
Hibernate: select solvedquiz0_.record_id as record_i1_2_0_, solvedquiz0_.completed_at as complete2_2_0_, solvedquiz0_.id as id3_2_0_, solvedquiz0_.user as user4_2_0_ from solved_quizzes solvedquiz0_ where solvedquiz0_.record_id=?
Hibernate: call next value for hibernate_sequence
Hibernate: insert into solved_quizzes (completed_at, id, user, record_id) values (?, ?, ?, ?)
?[1;31m
Start test 40?[0m
Hibernate: select user0_.id as id1_3_, user0_.email as email2_3_, user0_.password as password3_3_ from users user0_ where user0_.email=?
Hibernate: select roles0_.user_id as user_id1_4_0_, roles0_.roles_id as roles_id2_4_0_, role1_.id as id1_1_1_, role1_.name as name2_1_1_ from users_roles roles0_ inner join roles role1_ on roles0_.roles_id=role1_.id where roles0_.user_id=?
Hibernate: select quiz0_.id as id1_0_0_, quiz0_.answer as answer2_0_0_, quiz0_.creator as creator3_0_0_, quiz0_.options as options4_0_0_, quiz0_.text as text5_0_0_, quiz0_.title as title6_0_0_ from quizzes quiz0_ where quiz0_.id=?
?[1;31m
Start test 41?[0m
Hibernate: select user0_.id as id1_3_, user0_.email as email2_3_, user0_.password as password3_3_ from users user0_ where user0_.email=?
Hibernate: select roles0_.user_id as user_id1_4_0_, roles0_.roles_id as roles_id2_4_0_, role1_.id as id1_1_1_, role1_.name as name2_1_1_ from users_roles roles0_ inner join roles role1_ on roles0_.roles_id=role1_.id where roles0_.user_id=?
Hibernate: select quiz0_.id as id1_0_0_, quiz0_.answer as answer2_0_0_, quiz0_.creator as creator3_0_0_, quiz0_.options as options4_0_0_, quiz0_.text as text5_0_0_, quiz0_.title as title6_0_0_ from quizzes quiz0_ where quiz0_.id=?
?[1;31m
Start test 42?[0m
Hibernate: select user0_.id as id1_3_, user0_.email as email2_3_, user0_.password as password3_3_ from users user0_ where user0_.email=?
Hibernate: select roles0_.user_id as user_id1_4_0_, roles0_.roles_id as roles_id2_4_0_, role1_.id as id1_1_1_, role1_.name as name2_1_1_ from users_roles roles0_ inner join roles role1_ on roles0_.roles_id=role1_.id where roles0_.user_id=?
Hibernate: SELECT * FROM solved_quizzes WHERE user = ? ORDER BY completed_at DESC limit ?
?[1;31m
Start test 43?[0m
Hibernate: select user0_.id as id1_3_, user0_.email as email2_3_, user0_.password as password3_3_ from users user0_ where user0_.email=?
Hibernate: select roles0_.user_id as user_id1_4_0_, roles0_.roles_id as roles_id2_4_0_, role1_.id as id1_1_1_, role1_.name as name2_1_1_ from users_roles roles0_ inner join roles role1_ on roles0_.roles_id=role1_.id where roles0_.user_id=?
Hibernate: SELECT * FROM solved_quizzes WHERE user = ? ORDER BY completed_at DESC limit ?
?[1;31m
Start test 44?[0m
Hibernate: select user0_.id as id1_3_, user0_.email as email2_3_, user0_.password as password3_3_ from users user0_ where user0_.email=?
Hibernate: select roles0_.user_id as user_id1_4_0_, roles0_.roles_id as roles_id2_4_0_, role1_.id as id1_1_1_, role1_.name as name2_1_1_ from users_roles roles0_ inner join roles role1_ on roles0_.roles_id=role1_.id where roles0_.user_id=?
Hibernate: select quiz0_.id as id1_0_, quiz0_.answer as answer2_0_, quiz0_.creator as creator3_0_, quiz0_.options as options4_0_, quiz0_.text as text5_0_, quiz0_.title as title6_0_ from quizzes quiz0_ limit ?
?[1;31m
Start test 45?[0m
Hibernate: select user0_.id as id1_3_, user0_.email as email2_3_, user0_.password as password3_3_ from users user0_ where user0_.email=?
Hibernate: select roles0_.user_id as user_id1_4_0_, roles0_.roles_id as roles_id2_4_0_, role1_.id as id1_1_1_, role1_.name as name2_1_1_ from users_roles roles0_ inner join roles role1_ on roles0_.roles_id=role1_.id where roles0_.user_id=?
Hibernate: select quiz0_.id as id1_0_, quiz0_.answer as answer2_0_, quiz0_.creator as creator3_0_, quiz0_.options as options4_0_, quiz0_.text as text5_0_, quiz0_.title as title6_0_ from quizzes quiz0_ limit ?
?[1;31m
Start test 46?[0m
Hibernate: select user0_.id as id1_3_, user0_.email as email2_3_, user0_.password as password3_3_ from users user0_ where user0_.email=?
Hibernate: select roles0_.user_id as user_id1_4_0_, roles0_.roles_id as roles_id2_4_0_, role1_.id as id1_1_1_, role1_.name as name2_1_1_ from users_roles roles0_ inner join roles role1_ on roles0_.roles_id=role1_.id where roles0_.user_id=?
Hibernate: select quiz0_.id as id1_0_, quiz0_.answer as answer2_0_, quiz0_.creator as creator3_0_, quiz0_.options as options4_0_, quiz0_.text as text5_0_, quiz0_.title as title6_0_ from quizzes quiz0_ limit ?
?[1;31m
Start test 47?[0m
Hibernate: select user0_.id as id1_3_, user0_.email as email2_3_, user0_.password as password3_3_ from users user0_ where user0_.email=?
Hibernate: select roles0_.user_id as user_id1_4_0_, roles0_.roles_id as roles_id2_4_0_, role1_.id as id1_1_1_, role1_.name as name2_1_1_ from users_roles roles0_ inner join roles role1_ on roles0_.roles_id=role1_.id where roles0_.user_id=?
Hibernate: select quiz0_.id as id1_0_, quiz0_.answer as answer2_0_, quiz0_.creator as creator3_0_, quiz0_.options as options4_0_, quiz0_.text as text5_0_, quiz0_.title as title6_0_ from quizzes quiz0_ limit ?
?[1;31m
Start test 48?[0m
Hibernate: select user0_.id as id1_3_, user0_.email as email2_3_, user0_.password as password3_3_ from users user0_ where user0_.email=?
Hibernate: select roles0_.user_id as user_id1_4_0_, roles0_.roles_id as roles_id2_4_0_, role1_.id as id1_1_1_, role1_.name as name2_1_1_ from users_roles roles0_ inner join roles role1_ on roles0_.roles_id=role1_.id where roles0_.user_id=?
Hibernate: select quiz0_.id as id1_0_0_, quiz0_.answer as answer2_0_0_, quiz0_.creator as creator3_0_0_, quiz0_.options as options4_0_0_, quiz0_.text as text5_0_0_, quiz0_.title as title6_0_0_ from quizzes quiz0_ where quiz0_.id=?
Hibernate: select solvedquiz0_.record_id as record_i1_2_0_, solvedquiz0_.completed_at as complete2_2_0_, solvedquiz0_.id as id3_2_0_, solvedquiz0_.user as user4_2_0_ from solved_quizzes solvedquiz0_ where solvedquiz0_.record_id=?
Hibernate: call next value for hibernate_sequence
Hibernate: insert into solved_quizzes (completed_at, id, user, record_id) values (?, ?, ?, ?)
?[1;31m
Start test 49?[0m
Hibernate: select user0_.id as id1_3_, user0_.email as email2_3_, user0_.password as password3_3_ from users user0_ where user0_.email=?
Hibernate: select roles0_.user_id as user_id1_4_0_, roles0_.roles_id as roles_id2_4_0_, role1_.id as id1_1_1_, role1_.name as name2_1_1_ from users_roles roles0_ inner join roles role1_ on roles0_.roles_id=role1_.id where roles0_.user_id=?
Hibernate: select quiz0_.id as id1_0_0_, quiz0_.answer as answer2_0_0_, quiz0_.creator as creator3_0_0_, quiz0_.options as options4_0_0_, quiz0_.text as text5_0_0_, quiz0_.title as title6_0_0_ from quizzes quiz0_ where quiz0_.id=?
?[1;31m
Start test 50?[0m
Hibernate: select user0_.id as id1_3_, user0_.email as email2_3_, user0_.password as password3_3_ from users user0_ where user0_.email=?
Hibernate: select roles0_.user_id as user_id1_4_0_, roles0_.roles_id as roles_id2_4_0_, role1_.id as id1_1_1_, role1_.name as name2_1_1_ from users_roles roles0_ inner join roles role1_ on roles0_.roles_id=role1_.id where roles0_.user_id=?
Hibernate: select quiz0_.id as id1_0_0_, quiz0_.answer as answer2_0_0_, quiz0_.creator as creator3_0_0_, quiz0_.options as options4_0_0_, quiz0_.text as text5_0_0_, quiz0_.title as title6_0_0_ from quizzes quiz0_ where quiz0_.id=?
?[1;31m
Start test 51?[0m
Hibernate: select user0_.id as id1_3_, user0_.email as email2_3_, user0_.password as password3_3_ from users user0_ where user0_.email=?
Hibernate: select roles0_.user_id as user_id1_4_0_, roles0_.roles_id as roles_id2_4_0_, role1_.id as id1_1_1_, role1_.name as name2_1_1_ from users_roles roles0_ inner join roles role1_ on roles0_.roles_id=role1_.id where roles0_.user_id=?
Hibernate: select quiz0_.id as id1_0_0_, quiz0_.answer as answer2_0_0_, quiz0_.creator as creator3_0_0_, quiz0_.options as options4_0_0_, quiz0_.text as text5_0_0_, quiz0_.title as title6_0_0_ from quizzes quiz0_ where quiz0_.id=?
Hibernate: select solvedquiz0_.record_id as record_i1_2_0_, solvedquiz0_.completed_at as complete2_2_0_, solvedquiz0_.id as id3_2_0_, solvedquiz0_.user as user4_2_0_ from solved_quizzes solvedquiz0_ where solvedquiz0_.record_id=?
Hibernate: call next value for hibernate_sequence
Hibernate: insert into solved_quizzes (completed_at, id, user, record_id) values (?, ?, ?, ?)
?[1;31m
Start test 52?[0m
Hibernate: select user0_.id as id1_3_, user0_.email as email2_3_, user0_.password as password3_3_ from users user0_ where user0_.email=?
Hibernate: select roles0_.user_id as user_id1_4_0_, roles0_.roles_id as roles_id2_4_0_, role1_.id as id1_1_1_, role1_.name as name2_1_1_ from users_roles roles0_ inner join roles role1_ on roles0_.roles_id=role1_.id where roles0_.user_id=?
Hibernate: SELECT * FROM solved_quizzes WHERE user = ? ORDER BY completed_at DESC limit ?
?[1;31m
Start test 53?[0m
Hibernate: select user0_.id as id1_3_, user0_.email as email2_3_, user0_.password as password3_3_ from users user0_ where user0_.email=?
Hibernate: select roles0_.user_id as user_id1_4_0_, roles0_.roles_id as roles_id2_4_0_, role1_.id as id1_1_1_, role1_.name as name2_1_1_ from users_roles roles0_ inner join roles role1_ on roles0_.roles_id=role1_.id where roles0_.user_id=?
Hibernate: SELECT * FROM solved_quizzes WHERE user = ? ORDER BY completed_at DESC limit ?
?[1;31m
Start test 54?[0m
Hibernate: select user0_.id as id1_3_, user0_.email as email2_3_, user0_.password as password3_3_ from users user0_ where user0_.email=?
Hibernate: select roles0_.user_id as user_id1_4_0_, roles0_.roles_id as roles_id2_4_0_, role1_.id as id1_1_1_, role1_.name as name2_1_1_ from users_roles roles0_ inner join roles role1_ on roles0_.roles_id=role1_.id where roles0_.user_id=?
Hibernate: SELECT * FROM solved_quizzes WHERE user = ? ORDER BY completed_at DESC limit ?
?[1;31m
Start test 55?[0m
Hibernate: select user0_.id as id1_3_, user0_.email as email2_3_, user0_.password as password3_3_ from users user0_ where user0_.email=?
Hibernate: select roles0_.user_id as user_id1_4_0_, roles0_.roles_id as roles_id2_4_0_, role1_.id as id1_1_1_, role1_.name as name2_1_1_ from users_roles roles0_ inner join roles role1_ on roles0_.roles_id=role1_.id where roles0_.user_id=?
Hibernate: SELECT * FROM solved_quizzes WHERE user = ? ORDER BY completed_at DESC limit ?
?[1;31m
Start test 56?[0m
Hibernate: select user0_.id as id1_3_, user0_.email as email2_3_, user0_.password as password3_3_ from users user0_ where user0_.email=?
Hibernate: select roles0_.user_id as user_id1_4_0_, roles0_.roles_id as roles_id2_4_0_, role1_.id as id1_1_1_, role1_.name as name2_1_1_ from users_roles roles0_ inner join roles role1_ on roles0_.roles_id=role1_.id where roles0_.user_id=?
2021-05-11 22:55:47.743  WARN 2142 --- [nio-8889-exec-5] .w.s.m.s.DefaultHandlerExceptionResolver : Resolved [org.springframework.http.converter.HttpMessageNotReadableException: JSON parse error: Unexpected character ('"' (code 34)): was expecting comma to separate Object entries; nested exception is com.fasterxml.jackson.core.JsonParseException: Unexpected character ('"' (code 34)): was expecting comma to separate Object entries
 at [Source: (PushbackInputStream); line: 4, column: 4]]
?[1;31m
Start test 57?[0m
Hibernate: select user0_.id as id1_3_, user0_.email as email2_3_, user0_.password as password3_3_ from users user0_ where user0_.email=?
Hibernate: select roles0_.user_id as user_id1_4_0_, roles0_.roles_id as roles_id2_4_0_, role1_.id as id1_1_1_, role1_.name as name2_1_1_ from users_roles roles0_ inner join roles role1_ on roles0_.roles_id=role1_.id where roles0_.user_id=?
2021-05-11 22:55:47.851  WARN 2142 --- [nio-8889-exec-6] .w.s.m.s.DefaultHandlerExceptionResolver : Resolved [org.springframework.http.converter.HttpMessageNotReadableException: JSON parse error: Unexpected character ('"' (code 34)): was expecting comma to separate Object entries; nested exception is com.fasterxml.jackson.core.JsonParseException: Unexpected character ('"' (code 34)): was expecting comma to separate Object entries
 at [Source: (PushbackInputStream); line: 5, column: 4]]
?[1;31m
Start test 58?[0m
Hibernate: select user0_.id as id1_3_, user0_.email as email2_3_, user0_.password as password3_3_ from users user0_ where user0_.email=?
Hibernate: select roles0_.user_id as user_id1_4_0_, roles0_.roles_id as roles_id2_4_0_, role1_.id as id1_1_1_, role1_.name as name2_1_1_ from users_roles roles0_ inner join roles role1_ on roles0_.roles_id=role1_.id where roles0_.user_id=?
2021-05-11 22:55:48.035  WARN 2142 --- [nio-8889-exec-7] .w.s.m.s.DefaultHandlerExceptionResolver : Resolved [org.springframework.http.converter.HttpMessageNotReadableException: JSON parse error: Unexpected character ('"' (code 34)): was expecting comma to separate Object entries; nested exception is com.fasterxml.jackson.core.JsonParseException: Unexpected character ('"' (code 34)): was expecting comma to separate Object entries
 at [Source: (PushbackInputStream); line: 4, column: 4]]
?[1;31m
Start test 59?[0m
Hibernate: select user0_.id as id1_3_, user0_.email as email2_3_, user0_.password as password3_3_ from users user0_ where user0_.email=?
Hibernate: select roles0_.user_id as user_id1_4_0_, roles0_.roles_id as roles_id2_4_0_, role1_.id as id1_1_1_, role1_.name as name2_1_1_ from users_roles roles0_ inner join roles role1_ on roles0_.roles_id=role1_.id where roles0_.user_id=?
2021-05-11 22:55:48.231  WARN 2142 --- [nio-8889-exec-8] .w.s.m.s.DefaultHandlerExceptionResolver : Resolved [org.springframework.http.converter.HttpMessageNotReadableException: JSON parse error: Unexpected character ('"' (code 34)): was expecting comma to separate Object entries; nested exception is com.fasterxml.jackson.core.JsonParseException: Unexpected character ('"' (code 34)): was expecting comma to separate Object entries
 at [Source: (PushbackInputStream); line: 5, column: 4]]
?[1;31m
Start test 60?[0m
Hibernate: select user0_.id as id1_3_, user0_.email as email2_3_, user0_.password as password3_3_ from users user0_ where user0_.email=?
Hibernate: select roles0_.user_id as user_id1_4_0_, roles0_.roles_id as roles_id2_4_0_, role1_.id as id1_1_1_, role1_.name as name2_1_1_ from users_roles roles0_ inner join roles role1_ on roles0_.roles_id=role1_.id where roles0_.user_id=?
2021-05-11 22:55:48.343  WARN 2142 --- [nio-8889-exec-9] .w.s.m.s.DefaultHandlerExceptionResolver : Resolved [org.springframework.web.bind.MethodArgumentNotValidException: Validation failed for argument [0] in public engine.Quiz engine.QuizController.createQuiz(engine.Quiz): [Field error in object 'quiz' on field 'options': rejected value [null]; codes [NotNull.quiz.options,NotNull.options,NotNull.[Ljava.lang.String;,NotNull]; arguments [org.springframework.context.support.DefaultMessageSourceResolvable: codes [quiz.options,options]; arguments []; default message [options]]; default message [must not be null]] ]
?[1;31m
Start test 61?[0m
Hibernate: select user0_.id as id1_3_, user0_.email as email2_3_, user0_.password as password3_3_ from users user0_ where user0_.email=?
Hibernate: select roles0_.user_id as user_id1_4_0_, roles0_.roles_id as roles_id2_4_0_, role1_.id as id1_1_1_, role1_.name as name2_1_1_ from users_roles roles0_ inner join roles role1_ on roles0_.roles_id=role1_.id where roles0_.user_id=?
2021-05-11 22:55:48.446  WARN 2142 --- [io-8889-exec-10] .w.s.m.s.DefaultHandlerExceptionResolver : Resolved [org.springframework.http.converter.HttpMessageNotReadableException: JSON parse error: Unexpected character ('"' (code 34)): was expecting comma to separate Object entries; nested exception is com.fasterxml.jackson.core.JsonParseException: Unexpected character ('"' (code 34)): was expecting comma to separate Object entries
 at [Source: (PushbackInputStream); line: 5, column: 4]]
?[1;31m
Start test 62?[0m
Hibernate: select user0_.id as id1_3_, user0_.email as email2_3_, user0_.password as password3_3_ from users user0_ where user0_.email=?
Hibernate: select roles0_.user_id as user_id1_4_0_, roles0_.roles_id as roles_id2_4_0_, role1_.id as id1_1_1_, role1_.name as name2_1_1_ from users_roles roles0_ inner join roles role1_ on roles0_.roles_id=role1_.id where roles0_.user_id=?
2021-05-11 22:55:48.549  WARN 2142 --- [nio-8889-exec-1] .w.s.m.s.DefaultHandlerExceptionResolver : Resolved [org.springframework.http.converter.HttpMessageNotReadableException: JSON parse error: Unexpected character ('"' (code 34)): was expecting comma to separate Object entries; nested exception is com.fasterxml.jackson.core.JsonParseException: Unexpected character ('"' (code 34)): was expecting comma to separate Object entries
 at [Source: (PushbackInputStream); line: 5, column: 4]]
?[1;31m
Start test 63?[0m
Hibernate: select user0_.id as id1_3_, user0_.email as email2_3_, user0_.password as password3_3_ from users user0_ where user0_.email=?
Hibernate: select roles0_.user_id as user_id1_4_0_, roles0_.roles_id as roles_id2_4_0_, role1_.id as id1_1_1_, role1_.name as name2_1_1_ from users_roles roles0_ inner join roles role1_ on roles0_.roles_id=role1_.id where roles0_.user_id=?
Hibernate: call next value for hibernate_sequence
Hibernate: insert into quizzes (answer, creator, options, text, title, id) values (?, ?, ?, ?, ?, ?)
?[1;31m
Start test 64?[0m
Hibernate: select user0_.id as id1_3_, user0_.email as email2_3_, user0_.password as password3_3_ from users user0_ where user0_.email=?
Hibernate: select roles0_.user_id as user_id1_4_0_, roles0_.roles_id as roles_id2_4_0_, role1_.id as id1_1_1_, role1_.name as name2_1_1_ from users_roles roles0_ inner join roles role1_ on roles0_.roles_id=role1_.id where roles0_.user_id=?
Hibernate: select quiz0_.id as id1_0_0_, quiz0_.answer as answer2_0_0_, quiz0_.creator as creator3_0_0_, quiz0_.options as options4_0_0_, quiz0_.text as text5_0_0_, quiz0_.title as title6_0_0_ from quizzes quiz0_ where quiz0_.id=?
?[1;31m
Start test 65?[0m
Hibernate: select user0_.id as id1_3_, user0_.email as email2_3_, user0_.password as password3_3_ from users user0_ where user0_.email=?
Hibernate: select roles0_.user_id as user_id1_4_0_, roles0_.roles_id as roles_id2_4_0_, role1_.id as id1_1_1_, role1_.name as name2_1_1_ from users_roles roles0_ inner join roles role1_ on roles0_.roles_id=role1_.id where roles0_.user_id=?
Hibernate: select quiz0_.id as id1_0_0_, quiz0_.answer as answer2_0_0_, quiz0_.creator as creator3_0_0_, quiz0_.options as options4_0_0_, quiz0_.text as text5_0_0_, quiz0_.title as title6_0_0_ from quizzes quiz0_ where quiz0_.id=?
?[1;31m
Start test 66?[0m
Hibernate: select user0_.id as id1_3_, user0_.email as email2_3_, user0_.password as password3_3_ from users user0_ where user0_.email=?
Hibernate: select roles0_.user_id as user_id1_4_0_, roles0_.roles_id as roles_id2_4_0_, role1_.id as id1_1_1_, role1_.name as name2_1_1_ from users_roles roles0_ inner join roles role1_ on roles0_.roles_id=role1_.id where roles0_.user_id=?
Hibernate: select quiz0_.id as id1_0_0_, quiz0_.answer as answer2_0_0_, quiz0_.creator as creator3_0_0_, quiz0_.options as options4_0_0_, quiz0_.text as text5_0_0_, quiz0_.title as title6_0_0_ from quizzes quiz0_ where quiz0_.id=?
?[1;31m
Start test 67?[0m
Hibernate: select user0_.id as id1_3_, user0_.email as email2_3_, user0_.password as password3_3_ from users user0_ where user0_.email=?
Hibernate: select roles0_.user_id as user_id1_4_0_, roles0_.roles_id as roles_id2_4_0_, role1_.id as id1_1_1_, role1_.name as name2_1_1_ from users_roles roles0_ inner join roles role1_ on roles0_.roles_id=role1_.id where roles0_.user_id=?
Hibernate: select quiz0_.id as id1_0_0_, quiz0_.answer as answer2_0_0_, quiz0_.creator as creator3_0_0_, quiz0_.options as options4_0_0_, quiz0_.text as text5_0_0_, quiz0_.title as title6_0_0_ from quizzes quiz0_ where quiz0_.id=?
?[1;31m
Start test 68?[0m
Hibernate: select user0_.id as id1_3_, user0_.email as email2_3_, user0_.password as password3_3_ from users user0_ where user0_.email=?
Hibernate: select roles0_.user_id as user_id1_4_0_, roles0_.roles_id as roles_id2_4_0_, role1_.id as id1_1_1_, role1_.name as name2_1_1_ from users_roles roles0_ inner join roles role1_ on roles0_.roles_id=role1_.id where roles0_.user_id=?
Hibernate: select quiz0_.id as id1_0_0_, quiz0_.answer as answer2_0_0_, quiz0_.creator as creator3_0_0_, quiz0_.options as options4_0_0_, quiz0_.text as text5_0_0_, quiz0_.title as title6_0_0_ from quizzes quiz0_ where quiz0_.id=?
?[1;31m
Start test 69?[0m
Hibernate: select user0_.id as id1_3_, user0_.email as email2_3_, user0_.password as password3_3_ from users user0_ where user0_.email=?
Hibernate: select roles0_.user_id as user_id1_4_0_, roles0_.roles_id as roles_id2_4_0_, role1_.id as id1_1_1_, role1_.name as name2_1_1_ from users_roles roles0_ inner join roles role1_ on roles0_.roles_id=role1_.id where roles0_.user_id=?
Hibernate: select quiz0_.id as id1_0_0_, quiz0_.answer as answer2_0_0_, quiz0_.creator as creator3_0_0_, quiz0_.options as options4_0_0_, quiz0_.text as text5_0_0_, quiz0_.title as title6_0_0_ from quizzes quiz0_ where quiz0_.id=?
?[1;31m
Start test 70?[0m
Hibernate: select user0_.id as id1_3_, user0_.email as email2_3_, user0_.password as password3_3_ from users user0_ where user0_.email=?
Hibernate: select roles0_.user_id as user_id1_4_0_, roles0_.roles_id as roles_id2_4_0_, role1_.id as id1_1_1_, role1_.name as name2_1_1_ from users_roles roles0_ inner join roles role1_ on roles0_.roles_id=role1_.id where roles0_.user_id=?
Hibernate: select quiz0_.id as id1_0_0_, quiz0_.answer as answer2_0_0_, quiz0_.creator as creator3_0_0_, quiz0_.options as options4_0_0_, quiz0_.text as text5_0_0_, quiz0_.title as title6_0_0_ from quizzes quiz0_ where quiz0_.id=?
?[1;31m
Start test 71?[0m
Hibernate: select user0_.id as id1_3_, user0_.email as email2_3_, user0_.password as password3_3_ from users user0_ where user0_.email=?
Hibernate: select roles0_.user_id as user_id1_4_0_, roles0_.roles_id as roles_id2_4_0_, role1_.id as id1_1_1_, role1_.name as name2_1_1_ from users_roles roles0_ inner join roles role1_ on roles0_.roles_id=role1_.id where roles0_.user_id=?
Hibernate: select quiz0_.id as id1_0_0_, quiz0_.answer as answer2_0_0_, quiz0_.creator as creator3_0_0_, quiz0_.options as options4_0_0_, quiz0_.text as text5_0_0_, quiz0_.title as title6_0_0_ from quizzes quiz0_ where quiz0_.id=?
Hibernate: select solvedquiz0_.record_id as record_i1_2_0_, solvedquiz0_.completed_at as complete2_2_0_, solvedquiz0_.id as id3_2_0_, solvedquiz0_.user as user4_2_0_ from solved_quizzes solvedquiz0_ where solvedquiz0_.record_id=?
Hibernate: call next value for hibernate_sequence
Hibernate: insert into solved_quizzes (completed_at, id, user, record_id) values (?, ?, ?, ?)
?[1;31m
Start test 72?[0m
Hibernate: select user0_.id as id1_3_, user0_.email as email2_3_, user0_.password as password3_3_ from users user0_ where user0_.email=?
Hibernate: select roles0_.user_id as user_id1_4_0_, roles0_.roles_id as roles_id2_4_0_, role1_.id as id1_1_1_, role1_.name as name2_1_1_ from users_roles roles0_ inner join roles role1_ on roles0_.roles_id=role1_.id where roles0_.user_id=?
Hibernate: select quiz0_.id as id1_0_0_, quiz0_.answer as answer2_0_0_, quiz0_.creator as creator3_0_0_, quiz0_.options as options4_0_0_, quiz0_.text as text5_0_0_, quiz0_.title as title6_0_0_ from quizzes quiz0_ where quiz0_.id=?
?[1;31m
Start test 73?[0m
Hibernate: select user0_.id as id1_3_, user0_.email as email2_3_, user0_.password as password3_3_ from users user0_ where user0_.email=?
Hibernate: select roles0_.user_id as user_id1_4_0_, roles0_.roles_id as roles_id2_4_0_, role1_.id as id1_1_1_, role1_.name as name2_1_1_ from users_roles roles0_ inner join roles role1_ on roles0_.roles_id=role1_.id where roles0_.user_id=?
Hibernate: select quiz0_.id as id1_0_0_, quiz0_.answer as answer2_0_0_, quiz0_.creator as creator3_0_0_, quiz0_.options as options4_0_0_, quiz0_.text as text5_0_0_, quiz0_.title as title6_0_0_ from quizzes quiz0_ where quiz0_.id=?
?[1;31m
Start test 74?[0m
Hibernate: select user0_.id as id1_3_, user0_.email as email2_3_, user0_.password as password3_3_ from users user0_ where user0_.email=?
Hibernate: select roles0_.user_id as user_id1_4_0_, roles0_.roles_id as roles_id2_4_0_, role1_.id as id1_1_1_, role1_.name as name2_1_1_ from users_roles roles0_ inner join roles role1_ on roles0_.roles_id=role1_.id where roles0_.user_id=?
Hibernate: select quiz0_.id as id1_0_0_, quiz0_.answer as answer2_0_0_, quiz0_.creator as creator3_0_0_, quiz0_.options as options4_0_0_, quiz0_.text as text5_0_0_, quiz0_.title as title6_0_0_ from quizzes quiz0_ where quiz0_.id=?
?[1;31m
Start test 75?[0m
Hibernate: select user0_.id as id1_3_, user0_.email as email2_3_, user0_.password as password3_3_ from users user0_ where user0_.email=?
Hibernate: select roles0_.user_id as user_id1_4_0_, roles0_.roles_id as roles_id2_4_0_, role1_.id as id1_1_1_, role1_.name as name2_1_1_ from users_roles roles0_ inner join roles role1_ on roles0_.roles_id=role1_.id where roles0_.user_id=?
Hibernate: select quiz0_.id as id1_0_0_, quiz0_.answer as answer2_0_0_, quiz0_.creator as creator3_0_0_, quiz0_.options as options4_0_0_, quiz0_.text as text5_0_0_, quiz0_.title as title6_0_0_ from quizzes quiz0_ where quiz0_.id=?
?[1;31m
Start test 76?[0m
Hibernate: select user0_.id as id1_3_, user0_.email as email2_3_, user0_.password as password3_3_ from users user0_ where user0_.email=?
Hibernate: select roles0_.user_id as user_id1_4_0_, roles0_.roles_id as roles_id2_4_0_, role1_.id as id1_1_1_, role1_.name as name2_1_1_ from users_roles roles0_ inner join roles role1_ on roles0_.roles_id=role1_.id where roles0_.user_id=?
Hibernate: select quiz0_.id as id1_0_0_, quiz0_.answer as answer2_0_0_, quiz0_.creator as creator3_0_0_, quiz0_.options as options4_0_0_, quiz0_.text as text5_0_0_, quiz0_.title as title6_0_0_ from quizzes quiz0_ where quiz0_.id=?
?[1;31m
Start test 77?[0m
Hibernate: select user0_.id as id1_3_, user0_.email as email2_3_, user0_.password as password3_3_ from users user0_ where user0_.email=?
Hibernate: select roles0_.user_id as user_id1_4_0_, roles0_.roles_id as roles_id2_4_0_, role1_.id as id1_1_1_, role1_.name as name2_1_1_ from users_roles roles0_ inner join roles role1_ on roles0_.roles_id=role1_.id where roles0_.user_id=?
Hibernate: select quiz0_.id as id1_0_0_, quiz0_.answer as answer2_0_0_, quiz0_.creator as creator3_0_0_, quiz0_.options as options4_0_0_, quiz0_.text as text5_0_0_, quiz0_.title as title6_0_0_ from quizzes quiz0_ where quiz0_.id=?
?[1;31m
Start test 78?[0m
Hibernate: select user0_.id as id1_3_, user0_.email as email2_3_, user0_.password as password3_3_ from users user0_ where user0_.email=?
Hibernate: select roles0_.user_id as user_id1_4_0_, roles0_.roles_id as roles_id2_4_0_, role1_.id as id1_1_1_, role1_.name as name2_1_1_ from users_roles roles0_ inner join roles role1_ on roles0_.roles_id=role1_.id where roles0_.user_id=?
Hibernate: select quiz0_.id as id1_0_0_, quiz0_.answer as answer2_0_0_, quiz0_.creator as creator3_0_0_, quiz0_.options as options4_0_0_, quiz0_.text as text5_0_0_, quiz0_.title as title6_0_0_ from quizzes quiz0_ where quiz0_.id=?
?[1;31m
Start test 79?[0m
Hibernate: select user0_.id as id1_3_, user0_.email as email2_3_, user0_.password as password3_3_ from users user0_ where user0_.email=?
Hibernate: select roles0_.user_id as user_id1_4_0_, roles0_.roles_id as roles_id2_4_0_, role1_.id as id1_1_1_, role1_.name as name2_1_1_ from users_roles roles0_ inner join roles role1_ on roles0_.roles_id=role1_.id where roles0_.user_id=?
Hibernate: select quiz0_.id as id1_0_0_, quiz0_.answer as answer2_0_0_, quiz0_.creator as creator3_0_0_, quiz0_.options as options4_0_0_, quiz0_.text as text5_0_0_, quiz0_.title as title6_0_0_ from quizzes quiz0_ where quiz0_.id=?
?[1;31m
Start test 80?[0m
Hibernate: select user0_.id as id1_3_, user0_.email as email2_3_, user0_.password as password3_3_ from users user0_ where user0_.email=?
Hibernate: select roles0_.user_id as user_id1_4_0_, roles0_.roles_id as roles_id2_4_0_, role1_.id as id1_1_1_, role1_.name as name2_1_1_ from users_roles roles0_ inner join roles role1_ on roles0_.roles_id=role1_.id where roles0_.user_id=?
Hibernate: select quiz0_.id as id1_0_0_, quiz0_.answer as answer2_0_0_, quiz0_.creator as creator3_0_0_, quiz0_.options as options4_0_0_, quiz0_.text as text5_0_0_, quiz0_.title as title6_0_0_ from quizzes quiz0_ where quiz0_.id=?
?[1;31m
Start test 81?[0m
Hibernate: select user0_.id as id1_3_, user0_.email as email2_3_, user0_.password as password3_3_ from users user0_ where user0_.email=?
Hibernate: select roles0_.user_id as user_id1_4_0_, roles0_.roles_id as roles_id2_4_0_, role1_.id as id1_1_1_, role1_.name as name2_1_1_ from users_roles roles0_ inner join roles role1_ on roles0_.roles_id=role1_.id where roles0_.user_id=?
Hibernate: call next value for hibernate_sequence
Hibernate: insert into quizzes (answer, creator, options, text, title, id) values (?, ?, ?, ?, ?, ?)
?[1;31m
Start test 82?[0m
Hibernate: select user0_.id as id1_3_, user0_.email as email2_3_, user0_.password as password3_3_ from users user0_ where user0_.email=?
Hibernate: select roles0_.user_id as user_id1_4_0_, roles0_.roles_id as roles_id2_4_0_, role1_.id as id1_1_1_, role1_.name as name2_1_1_ from users_roles roles0_ inner join roles role1_ on roles0_.roles_id=role1_.id where roles0_.user_id=?
Hibernate: select quiz0_.id as id1_0_0_, quiz0_.answer as answer2_0_0_, quiz0_.creator as creator3_0_0_, quiz0_.options as options4_0_0_, quiz0_.text as text5_0_0_, quiz0_.title as title6_0_0_ from quizzes quiz0_ where quiz0_.id=?
?[1;31m
Start test 83?[0m
Hibernate: select user0_.id as id1_3_, user0_.email as email2_3_, user0_.password as password3_3_ from users user0_ where user0_.email=?
Hibernate: select roles0_.user_id as user_id1_4_0_, roles0_.roles_id as roles_id2_4_0_, role1_.id as id1_1_1_, role1_.name as name2_1_1_ from users_roles roles0_ inner join roles role1_ on roles0_.roles_id=role1_.id where roles0_.user_id=?
Hibernate: select quiz0_.id as id1_0_0_, quiz0_.answer as answer2_0_0_, quiz0_.creator as creator3_0_0_, quiz0_.options as options4_0_0_, quiz0_.text as text5_0_0_, quiz0_.title as title6_0_0_ from quizzes quiz0_ where quiz0_.id=?
?[1;31m
Start test 84?[0m
Hibernate: select user0_.id as id1_3_, user0_.email as email2_3_, user0_.password as password3_3_ from users user0_ where user0_.email=?
Hibernate: select roles0_.user_id as user_id1_4_0_, roles0_.roles_id as roles_id2_4_0_, role1_.id as id1_1_1_, role1_.name as name2_1_1_ from users_roles roles0_ inner join roles role1_ on roles0_.roles_id=role1_.id where roles0_.user_id=?
Hibernate: select quiz0_.id as id1_0_0_, quiz0_.answer as answer2_0_0_, quiz0_.creator as creator3_0_0_, quiz0_.options as options4_0_0_, quiz0_.text as text5_0_0_, quiz0_.title as title6_0_0_ from quizzes quiz0_ where quiz0_.id=?
?[1;31m
Start test 85?[0m
Hibernate: select user0_.id as id1_3_, user0_.email as email2_3_, user0_.password as password3_3_ from users user0_ where user0_.email=?
Hibernate: select roles0_.user_id as user_id1_4_0_, roles0_.roles_id as roles_id2_4_0_, role1_.id as id1_1_1_, role1_.name as name2_1_1_ from users_roles roles0_ inner join roles role1_ on roles0_.roles_id=role1_.id where roles0_.user_id=?
Hibernate: select quiz0_.id as id1_0_0_, quiz0_.answer as answer2_0_0_, quiz0_.creator as creator3_0_0_, quiz0_.options as options4_0_0_, quiz0_.text as text5_0_0_, quiz0_.title as title6_0_0_ from quizzes quiz0_ where quiz0_.id=?
?[1;31m
Start test 86?[0m
Hibernate: select user0_.id as id1_3_, user0_.email as email2_3_, user0_.password as password3_3_ from users user0_ where user0_.email=?
Hibernate: select roles0_.user_id as user_id1_4_0_, roles0_.roles_id as roles_id2_4_0_, role1_.id as id1_1_1_, role1_.name as name2_1_1_ from users_roles roles0_ inner join roles role1_ on roles0_.roles_id=role1_.id where roles0_.user_id=?
Hibernate: select quiz0_.id as id1_0_0_, quiz0_.answer as answer2_0_0_, quiz0_.creator as creator3_0_0_, quiz0_.options as options4_0_0_, quiz0_.text as text5_0_0_, quiz0_.title as title6_0_0_ from quizzes quiz0_ where quiz0_.id=?
?[1;31m
Start test 87?[0m
Hibernate: select user0_.id as id1_3_, user0_.email as email2_3_, user0_.password as password3_3_ from users user0_ where user0_.email=?
Hibernate: select roles0_.user_id as user_id1_4_0_, roles0_.roles_id as roles_id2_4_0_, role1_.id as id1_1_1_, role1_.name as name2_1_1_ from users_roles roles0_ inner join roles role1_ on roles0_.roles_id=role1_.id where roles0_.user_id=?
Hibernate: select quiz0_.id as id1_0_0_, quiz0_.answer as answer2_0_0_, quiz0_.creator as creator3_0_0_, quiz0_.options as options4_0_0_, quiz0_.text as text5_0_0_, quiz0_.title as title6_0_0_ from quizzes quiz0_ where quiz0_.id=?
?[1;31m
Start test 88?[0m
Hibernate: select user0_.id as id1_3_, user0_.email as email2_3_, user0_.password as password3_3_ from users user0_ where user0_.email=?
Hibernate: select roles0_.user_id as user_id1_4_0_, roles0_.roles_id as roles_id2_4_0_, role1_.id as id1_1_1_, role1_.name as name2_1_1_ from users_roles roles0_ inner join roles role1_ on roles0_.roles_id=role1_.id where roles0_.user_id=?
Hibernate: select quiz0_.id as id1_0_0_, quiz0_.answer as answer2_0_0_, quiz0_.creator as creator3_0_0_, quiz0_.options as options4_0_0_, quiz0_.text as text5_0_0_, quiz0_.title as title6_0_0_ from quizzes quiz0_ where quiz0_.id=?
?[1;31m
Start test 89?[0m
Hibernate: select user0_.id as id1_3_, user0_.email as email2_3_, user0_.password as password3_3_ from users user0_ where user0_.email=?
Hibernate: select roles0_.user_id as user_id1_4_0_, roles0_.roles_id as roles_id2_4_0_, role1_.id as id1_1_1_, role1_.name as name2_1_1_ from users_roles roles0_ inner join roles role1_ on roles0_.roles_id=role1_.id where roles0_.user_id=?
Hibernate: select quiz0_.id as id1_0_0_, quiz0_.answer as answer2_0_0_, quiz0_.creator as creator3_0_0_, quiz0_.options as options4_0_0_, quiz0_.text as text5_0_0_, quiz0_.title as title6_0_0_ from quizzes quiz0_ where quiz0_.id=?
?[1;31m
Start test 90?[0m
Hibernate: select user0_.id as id1_3_, user0_.email as email2_3_, user0_.password as password3_3_ from users user0_ where user0_.email=?
Hibernate: select roles0_.user_id as user_id1_4_0_, roles0_.roles_id as roles_id2_4_0_, role1_.id as id1_1_1_, role1_.name as name2_1_1_ from users_roles roles0_ inner join roles role1_ on roles0_.roles_id=role1_.id where roles0_.user_id=?
Hibernate: select quiz0_.id as id1_0_0_, quiz0_.answer as answer2_0_0_, quiz0_.creator as creator3_0_0_, quiz0_.options as options4_0_0_, quiz0_.text as text5_0_0_, quiz0_.title as title6_0_0_ from quizzes quiz0_ where quiz0_.id=?
?[1;31m
Start test 91?[0m
Hibernate: select user0_.id as id1_3_, user0_.email as email2_3_, user0_.password as password3_3_ from users user0_ where user0_.email=?
Hibernate: select roles0_.user_id as user_id1_4_0_, roles0_.roles_id as roles_id2_4_0_, role1_.id as id1_1_1_, role1_.name as name2_1_1_ from users_roles roles0_ inner join roles role1_ on roles0_.roles_id=role1_.id where roles0_.user_id=?
Hibernate: select quiz0_.id as id1_0_0_, quiz0_.answer as answer2_0_0_, quiz0_.creator as creator3_0_0_, quiz0_.options as options4_0_0_, quiz0_.text as text5_0_0_, quiz0_.title as title6_0_0_ from quizzes quiz0_ where quiz0_.id=?
?[1;31m
Start test 92?[0m
Hibernate: select user0_.id as id1_3_, user0_.email as email2_3_, user0_.password as password3_3_ from users user0_ where user0_.email=?
Hibernate: select roles0_.user_id as user_id1_4_0_, roles0_.roles_id as roles_id2_4_0_, role1_.id as id1_1_1_, role1_.name as name2_1_1_ from users_roles roles0_ inner join roles role1_ on roles0_.roles_id=role1_.id where roles0_.user_id=?
Hibernate: select quiz0_.id as id1_0_0_, quiz0_.answer as answer2_0_0_, quiz0_.creator as creator3_0_0_, quiz0_.options as options4_0_0_, quiz0_.text as text5_0_0_, quiz0_.title as title6_0_0_ from quizzes quiz0_ where quiz0_.id=?
?[1;31m
Start test 93?[0m
Hibernate: select user0_.id as id1_3_, user0_.email as email2_3_, user0_.password as password3_3_ from users user0_ where user0_.email=?
Hibernate: select roles0_.user_id as user_id1_4_0_, roles0_.roles_id as roles_id2_4_0_, role1_.id as id1_1_1_, role1_.name as name2_1_1_ from users_roles roles0_ inner join roles role1_ on roles0_.roles_id=role1_.id where roles0_.user_id=?
Hibernate: select quiz0_.id as id1_0_0_, quiz0_.answer as answer2_0_0_, quiz0_.creator as creator3_0_0_, quiz0_.options as options4_0_0_, quiz0_.text as text5_0_0_, quiz0_.title as title6_0_0_ from quizzes quiz0_ where quiz0_.id=?
Hibernate: select solvedquiz0_.record_id as record_i1_2_0_, solvedquiz0_.completed_at as complete2_2_0_, solvedquiz0_.id as id3_2_0_, solvedquiz0_.user as user4_2_0_ from solved_quizzes solvedquiz0_ where solvedquiz0_.record_id=?
Hibernate: call next value for hibernate_sequence
Hibernate: insert into solved_quizzes (completed_at, id, user, record_id) values (?, ?, ?, ?)
?[1;31m
Start test 94?[0m
Hibernate: select user0_.id as id1_3_, user0_.email as email2_3_, user0_.password as password3_3_ from users user0_ where user0_.email=?
Hibernate: select roles0_.user_id as user_id1_4_0_, roles0_.roles_id as roles_id2_4_0_, role1_.id as id1_1_1_, role1_.name as name2_1_1_ from users_roles roles0_ inner join roles role1_ on roles0_.roles_id=role1_.id where roles0_.user_id=?
Hibernate: select quiz0_.id as id1_0_0_, quiz0_.answer as answer2_0_0_, quiz0_.creator as creator3_0_0_, quiz0_.options as options4_0_0_, quiz0_.text as text5_0_0_, quiz0_.title as title6_0_0_ from quizzes quiz0_ where quiz0_.id=?
?[1;31m
Start test 95?[0m
Hibernate: select user0_.id as id1_3_, user0_.email as email2_3_, user0_.password as password3_3_ from users user0_ where user0_.email=?
Hibernate: select roles0_.user_id as user_id1_4_0_, roles0_.roles_id as roles_id2_4_0_, role1_.id as id1_1_1_, role1_.name as name2_1_1_ from users_roles roles0_ inner join roles role1_ on roles0_.roles_id=role1_.id where roles0_.user_id=?
Hibernate: select quiz0_.id as id1_0_0_, quiz0_.answer as answer2_0_0_, quiz0_.creator as creator3_0_0_, quiz0_.options as options4_0_0_, quiz0_.text as text5_0_0_, quiz0_.title as title6_0_0_ from quizzes quiz0_ where quiz0_.id=?
?[1;31m
Start test 96?[0m
Hibernate: select user0_.id as id1_3_, user0_.email as email2_3_, user0_.password as password3_3_ from users user0_ where user0_.email=?
Hibernate: select roles0_.user_id as user_id1_4_0_, roles0_.roles_id as roles_id2_4_0_, role1_.id as id1_1_1_, role1_.name as name2_1_1_ from users_roles roles0_ inner join roles role1_ on roles0_.roles_id=role1_.id where roles0_.user_id=?
Hibernate: select quiz0_.id as id1_0_0_, quiz0_.answer as answer2_0_0_, quiz0_.creator as creator3_0_0_, quiz0_.options as options4_0_0_, quiz0_.text as text5_0_0_, quiz0_.title as title6_0_0_ from quizzes quiz0_ where quiz0_.id=?
?[1;31m
Start test 97?[0m
Hibernate: select user0_.id as id1_3_, user0_.email as email2_3_, user0_.password as password3_3_ from users user0_ where user0_.email=?
Hibernate: select roles0_.user_id as user_id1_4_0_, roles0_.roles_id as roles_id2_4_0_, role1_.id as id1_1_1_, role1_.name as name2_1_1_ from users_roles roles0_ inner join roles role1_ on roles0_.roles_id=role1_.id where roles0_.user_id=?
Hibernate: select quiz0_.id as id1_0_0_, quiz0_.answer as answer2_0_0_, quiz0_.creator as creator3_0_0_, quiz0_.options as options4_0_0_, quiz0_.text as text5_0_0_, quiz0_.title as title6_0_0_ from quizzes quiz0_ where quiz0_.id=?
?[1;31m
Start test 98?[0m
Hibernate: select user0_.id as id1_3_, user0_.email as email2_3_, user0_.password as password3_3_ from users user0_ where user0_.email=?
Hibernate: select roles0_.user_id as user_id1_4_0_, roles0_.roles_id as roles_id2_4_0_, role1_.id as id1_1_1_, role1_.name as name2_1_1_ from users_roles roles0_ inner join roles role1_ on roles0_.roles_id=role1_.id where roles0_.user_id=?
Hibernate: select quiz0_.id as id1_0_0_, quiz0_.answer as answer2_0_0_, quiz0_.creator as creator3_0_0_, quiz0_.options as options4_0_0_, quiz0_.text as text5_0_0_, quiz0_.title as title6_0_0_ from quizzes quiz0_ where quiz0_.id=?
?[1;31m
Start test 99?[0m
Hibernate: select user0_.id as id1_3_, user0_.email as email2_3_, user0_.password as password3_3_ from users user0_ where user0_.email=?
Hibernate: select roles0_.user_id as user_id1_4_0_, roles0_.roles_id as roles_id2_4_0_, role1_.id as id1_1_1_, role1_.name as name2_1_1_ from users_roles roles0_ inner join roles role1_ on roles0_.roles_id=role1_.id where roles0_.user_id=?
Hibernate: call next value for hibernate_sequence
Hibernate: insert into quizzes (answer, creator, options, text, title, id) values (?, ?, ?, ?, ?, ?)
?[1;31m
Start test 100?[0m
Hibernate: select user0_.id as id1_3_, user0_.email as email2_3_, user0_.password as password3_3_ from users user0_ where user0_.email=?
Hibernate: select roles0_.user_id as user_id1_4_0_, roles0_.roles_id as roles_id2_4_0_, role1_.id as id1_1_1_, role1_.name as name2_1_1_ from users_roles roles0_ inner join roles role1_ on roles0_.roles_id=role1_.id where roles0_.user_id=?
Hibernate: select quiz0_.id as id1_0_0_, quiz0_.answer as answer2_0_0_, quiz0_.creator as creator3_0_0_, quiz0_.options as options4_0_0_, quiz0_.text as text5_0_0_, quiz0_.title as title6_0_0_ from quizzes quiz0_ where quiz0_.id=?
?[1;31m
Start test 101?[0m
Hibernate: select user0_.id as id1_3_, user0_.email as email2_3_, user0_.password as password3_3_ from users user0_ where user0_.email=?
Hibernate: select roles0_.user_id as user_id1_4_0_, roles0_.roles_id as roles_id2_4_0_, role1_.id as id1_1_1_, role1_.name as name2_1_1_ from users_roles roles0_ inner join roles role1_ on roles0_.roles_id=role1_.id where roles0_.user_id=?
Hibernate: select quiz0_.id as id1_0_0_, quiz0_.answer as answer2_0_0_, quiz0_.creator as creator3_0_0_, quiz0_.options as options4_0_0_, quiz0_.text as text5_0_0_, quiz0_.title as title6_0_0_ from quizzes quiz0_ where quiz0_.id=?
?[1;31m
Start test 102?[0m
Hibernate: select user0_.id as id1_3_, user0_.email as email2_3_, user0_.password as password3_3_ from users user0_ where user0_.email=?
Hibernate: select roles0_.user_id as user_id1_4_0_, roles0_.roles_id as roles_id2_4_0_, role1_.id as id1_1_1_, role1_.name as name2_1_1_ from users_roles roles0_ inner join roles role1_ on roles0_.roles_id=role1_.id where roles0_.user_id=?
Hibernate: select quiz0_.id as id1_0_0_, quiz0_.answer as answer2_0_0_, quiz0_.creator as creator3_0_0_, quiz0_.options as options4_0_0_, quiz0_.text as text5_0_0_, quiz0_.title as title6_0_0_ from quizzes quiz0_ where quiz0_.id=?
Hibernate: select solvedquiz0_.record_id as record_i1_2_0_, solvedquiz0_.completed_at as complete2_2_0_, solvedquiz0_.id as id3_2_0_, solvedquiz0_.user as user4_2_0_ from solved_quizzes solvedquiz0_ where solvedquiz0_.record_id=?
Hibernate: call next value for hibernate_sequence
Hibernate: insert into solved_quizzes (completed_at, id, user, record_id) values (?, ?, ?, ?)
?[1;31m
Start test 103?[0m
Hibernate: select user0_.id as id1_3_, user0_.email as email2_3_, user0_.password as password3_3_ from users user0_ where user0_.email=?
Hibernate: select roles0_.user_id as user_id1_4_0_, roles0_.roles_id as roles_id2_4_0_, role1_.id as id1_1_1_, role1_.name as name2_1_1_ from users_roles roles0_ inner join roles role1_ on roles0_.roles_id=role1_.id where roles0_.user_id=?
Hibernate: select quiz0_.id as id1_0_0_, quiz0_.answer as answer2_0_0_, quiz0_.creator as creator3_0_0_, quiz0_.options as options4_0_0_, quiz0_.text as text5_0_0_, quiz0_.title as title6_0_0_ from quizzes quiz0_ where quiz0_.id=?
?[1;31m
Start test 104?[0m
Hibernate: select user0_.id as id1_3_, user0_.email as email2_3_, user0_.password as password3_3_ from users user0_ where user0_.email=?
Hibernate: select roles0_.user_id as user_id1_4_0_, roles0_.roles_id as roles_id2_4_0_, role1_.id as id1_1_1_, role1_.name as name2_1_1_ from users_roles roles0_ inner join roles role1_ on roles0_.roles_id=role1_.id where roles0_.user_id=?
Hibernate: select quiz0_.id as id1_0_0_, quiz0_.answer as answer2_0_0_, quiz0_.creator as creator3_0_0_, quiz0_.options as options4_0_0_, quiz0_.text as text5_0_0_, quiz0_.title as title6_0_0_ from quizzes quiz0_ where quiz0_.id=?
?[1;31m
Start test 105?[0m
Hibernate: select user0_.id as id1_3_, user0_.email as email2_3_, user0_.password as password3_3_ from users user0_ where user0_.email=?
Hibernate: select roles0_.user_id as user_id1_4_0_, roles0_.roles_id as roles_id2_4_0_, role1_.id as id1_1_1_, role1_.name as name2_1_1_ from users_roles roles0_ inner join roles role1_ on roles0_.roles_id=role1_.id where roles0_.user_id=?
Hibernate: select quiz0_.id as id1_0_0_, quiz0_.answer as answer2_0_0_, quiz0_.creator as creator3_0_0_, quiz0_.options as options4_0_0_, quiz0_.text as text5_0_0_, quiz0_.title as title6_0_0_ from quizzes quiz0_ where quiz0_.id=?
?[1;31m
Start test 106?[0m
Hibernate: select user0_.id as id1_3_, user0_.email as email2_3_, user0_.password as password3_3_ from users user0_ where user0_.email=?
Hibernate: select roles0_.user_id as user_id1_4_0_, roles0_.roles_id as roles_id2_4_0_, role1_.id as id1_1_1_, role1_.name as name2_1_1_ from users_roles roles0_ inner join roles role1_ on roles0_.roles_id=role1_.id where roles0_.user_id=?
Hibernate: select quiz0_.id as id1_0_0_, quiz0_.answer as answer2_0_0_, quiz0_.creator as creator3_0_0_, quiz0_.options as options4_0_0_, quiz0_.text as text5_0_0_, quiz0_.title as title6_0_0_ from quizzes quiz0_ where quiz0_.id=?
?[1;31m
Start test 107?[0m
Hibernate: select user0_.id as id1_3_, user0_.email as email2_3_, user0_.password as password3_3_ from users user0_ where user0_.email=?
Hibernate: select roles0_.user_id as user_id1_4_0_, roles0_.roles_id as roles_id2_4_0_, role1_.id as id1_1_1_, role1_.name as name2_1_1_ from users_roles roles0_ inner join roles role1_ on roles0_.roles_id=role1_.id where roles0_.user_id=?
Hibernate: select quiz0_.id as id1_0_0_, quiz0_.answer as answer2_0_0_, quiz0_.creator as creator3_0_0_, quiz0_.options as options4_0_0_, quiz0_.text as text5_0_0_, quiz0_.title as title6_0_0_ from quizzes quiz0_ where quiz0_.id=?
?[1;31m
Start test 108?[0m
Hibernate: select user0_.id as id1_3_, user0_.email as email2_3_, user0_.password as password3_3_ from users user0_ where user0_.email=?
Hibernate: select roles0_.user_id as user_id1_4_0_, roles0_.roles_id as roles_id2_4_0_, role1_.id as id1_1_1_, role1_.name as name2_1_1_ from users_roles roles0_ inner join roles role1_ on roles0_.roles_id=role1_.id where roles0_.user_id=?
Hibernate: select quiz0_.id as id1_0_0_, quiz0_.answer as answer2_0_0_, quiz0_.creator as creator3_0_0_, quiz0_.options as options4_0_0_, quiz0_.text as text5_0_0_, quiz0_.title as title6_0_0_ from quizzes quiz0_ where quiz0_.id=?
?[1;31m
Start test 109?[0m
Hibernate: select user0_.id as id1_3_, user0_.email as email2_3_, user0_.password as password3_3_ from users user0_ where user0_.email=?
Hibernate: select roles0_.user_id as user_id1_4_0_, roles0_.roles_id as roles_id2_4_0_, role1_.id as id1_1_1_, role1_.name as name2_1_1_ from users_roles roles0_ inner join roles role1_ on roles0_.roles_id=role1_.id where roles0_.user_id=?
Hibernate: select quiz0_.id as id1_0_0_, quiz0_.answer as answer2_0_0_, quiz0_.creator as creator3_0_0_, quiz0_.options as options4_0_0_, quiz0_.text as text5_0_0_, quiz0_.title as title6_0_0_ from quizzes quiz0_ where quiz0_.id=?
?[1;31m
Start test 110?[0m
Hibernate: select user0_.id as id1_3_, user0_.email as email2_3_, user0_.password as password3_3_ from users user0_ where user0_.email=?
Hibernate: select roles0_.user_id as user_id1_4_0_, roles0_.roles_id as roles_id2_4_0_, role1_.id as id1_1_1_, role1_.name as name2_1_1_ from users_roles roles0_ inner join roles role1_ on roles0_.roles_id=role1_.id where roles0_.user_id=?
Hibernate: select quiz0_.id as id1_0_0_, quiz0_.answer as answer2_0_0_, quiz0_.creator as creator3_0_0_, quiz0_.options as options4_0_0_, quiz0_.text as text5_0_0_, quiz0_.title as title6_0_0_ from quizzes quiz0_ where quiz0_.id=?
?[1;31m
Start test 111?[0m
Hibernate: select user0_.id as id1_3_, user0_.email as email2_3_, user0_.password as password3_3_ from users user0_ where user0_.email=?
Hibernate: select roles0_.user_id as user_id1_4_0_, roles0_.roles_id as roles_id2_4_0_, role1_.id as id1_1_1_, role1_.name as name2_1_1_ from users_roles roles0_ inner join roles role1_ on roles0_.roles_id=role1_.id where roles0_.user_id=?
Hibernate: select quiz0_.id as id1_0_0_, quiz0_.answer as answer2_0_0_, quiz0_.creator as creator3_0_0_, quiz0_.options as options4_0_0_, quiz0_.text as text5_0_0_, quiz0_.title as title6_0_0_ from quizzes quiz0_ where quiz0_.id=?
?[1;31m
Start test 112?[0m
Hibernate: select user0_.id as id1_3_, user0_.email as email2_3_, user0_.password as password3_3_ from users user0_ where user0_.email=?
Hibernate: select roles0_.user_id as user_id1_4_0_, roles0_.roles_id as roles_id2_4_0_, role1_.id as id1_1_1_, role1_.name as name2_1_1_ from users_roles roles0_ inner join roles role1_ on roles0_.roles_id=role1_.id where roles0_.user_id=?
Hibernate: select quiz0_.id as id1_0_0_, quiz0_.answer as answer2_0_0_, quiz0_.creator as creator3_0_0_, quiz0_.options as options4_0_0_, quiz0_.text as text5_0_0_, quiz0_.title as title6_0_0_ from quizzes quiz0_ where quiz0_.id=?
?[1;31m
Start test 113?[0m
Hibernate: select user0_.id as id1_3_, user0_.email as email2_3_, user0_.password as password3_3_ from users user0_ where user0_.email=?
Hibernate: select roles0_.user_id as user_id1_4_0_, roles0_.roles_id as roles_id2_4_0_, role1_.id as id1_1_1_, role1_.name as name2_1_1_ from users_roles roles0_ inner join roles role1_ on roles0_.roles_id=role1_.id where roles0_.user_id=?
Hibernate: select quiz0_.id as id1_0_0_, quiz0_.answer as answer2_0_0_, quiz0_.creator as creator3_0_0_, quiz0_.options as options4_0_0_, quiz0_.text as text5_0_0_, quiz0_.title as title6_0_0_ from quizzes quiz0_ where quiz0_.id=?
?[1;31m
Start test 114?[0m
Hibernate: select user0_.id as id1_3_, user0_.email as email2_3_, user0_.password as password3_3_ from users user0_ where user0_.email=?
Hibernate: select roles0_.user_id as user_id1_4_0_, roles0_.roles_id as roles_id2_4_0_, role1_.id as id1_1_1_, role1_.name as name2_1_1_ from users_roles roles0_ inner join roles role1_ on roles0_.roles_id=role1_.id where roles0_.user_id=?
Hibernate: select quiz0_.id as id1_0_0_, quiz0_.answer as answer2_0_0_, quiz0_.creator as creator3_0_0_, quiz0_.options as options4_0_0_, quiz0_.text as text5_0_0_, quiz0_.title as title6_0_0_ from quizzes quiz0_ where quiz0_.id=?
?[1;31m
Start test 115?[0m
Hibernate: select user0_.id as id1_3_, user0_.email as email2_3_, user0_.password as password3_3_ from users user0_ where user0_.email=?
Hibernate: select roles0_.user_id as user_id1_4_0_, roles0_.roles_id as roles_id2_4_0_, role1_.id as id1_1_1_, role1_.name as name2_1_1_ from users_roles roles0_ inner join roles role1_ on roles0_.roles_id=role1_.id where roles0_.user_id=?
Hibernate: select quiz0_.id as id1_0_0_, quiz0_.answer as answer2_0_0_, quiz0_.creator as creator3_0_0_, quiz0_.options as options4_0_0_, quiz0_.text as text5_0_0_, quiz0_.title as title6_0_0_ from quizzes quiz0_ where quiz0_.id=?
?[1;31m
Start test 116?[0m
Hibernate: select user0_.id as id1_3_, user0_.email as email2_3_, user0_.password as password3_3_ from users user0_ where user0_.email=?
Hibernate: select roles0_.user_id as user_id1_4_0_, roles0_.roles_id as roles_id2_4_0_, role1_.id as id1_1_1_, role1_.name as name2_1_1_ from users_roles roles0_ inner join roles role1_ on roles0_.roles_id=role1_.id where roles0_.user_id=?
Hibernate: select quiz0_.id as id1_0_0_, quiz0_.answer as answer2_0_0_, quiz0_.creator as creator3_0_0_, quiz0_.options as options4_0_0_, quiz0_.text as text5_0_0_, quiz0_.title as title6_0_0_ from quizzes quiz0_ where quiz0_.id=?
?[1;31m
Start test 117?[0m
Hibernate: select user0_.id as id1_3_, user0_.email as email2_3_, user0_.password as password3_3_ from users user0_ where user0_.email=?
Hibernate: select roles0_.user_id as user_id1_4_0_, roles0_.roles_id as roles_id2_4_0_, role1_.id as id1_1_1_, role1_.name as name2_1_1_ from users_roles roles0_ inner join roles role1_ on roles0_.roles_id=role1_.id where roles0_.user_id=?
Hibernate: call next value for hibernate_sequence
Hibernate: insert into quizzes (answer, creator, options, text, title, id) values (?, ?, ?, ?, ?, ?)
?[1;31m
Start test 118?[0m
Hibernate: select user0_.id as id1_3_, user0_.email as email2_3_, user0_.password as password3_3_ from users user0_ where user0_.email=?
Hibernate: select roles0_.user_id as user_id1_4_0_, roles0_.roles_id as roles_id2_4_0_, role1_.id as id1_1_1_, role1_.name as name2_1_1_ from users_roles roles0_ inner join roles role1_ on roles0_.roles_id=role1_.id where roles0_.user_id=?
Hibernate: select quiz0_.id as id1_0_0_, quiz0_.answer as answer2_0_0_, quiz0_.creator as creator3_0_0_, quiz0_.options as options4_0_0_, quiz0_.text as text5_0_0_, quiz0_.title as title6_0_0_ from quizzes quiz0_ where quiz0_.id=?
?[1;31m
Start test 119?[0m
Hibernate: select user0_.id as id1_3_, user0_.email as email2_3_, user0_.password as password3_3_ from users user0_ where user0_.email=?
Hibernate: select roles0_.user_id as user_id1_4_0_, roles0_.roles_id as roles_id2_4_0_, role1_.id as id1_1_1_, role1_.name as name2_1_1_ from users_roles roles0_ inner join roles role1_ on roles0_.roles_id=role1_.id where roles0_.user_id=?
Hibernate: select quiz0_.id as id1_0_0_, quiz0_.answer as answer2_0_0_, quiz0_.creator as creator3_0_0_, quiz0_.options as options4_0_0_, quiz0_.text as text5_0_0_, quiz0_.title as title6_0_0_ from quizzes quiz0_ where quiz0_.id=?
?[1;31m
Start test 120?[0m
Hibernate: select user0_.id as id1_3_, user0_.email as email2_3_, user0_.password as password3_3_ from users user0_ where user0_.email=?
Hibernate: select roles0_.user_id as user_id1_4_0_, roles0_.roles_id as roles_id2_4_0_, role1_.id as id1_1_1_, role1_.name as name2_1_1_ from users_roles roles0_ inner join roles role1_ on roles0_.roles_id=role1_.id where roles0_.user_id=?
Hibernate: select quiz0_.id as id1_0_0_, quiz0_.answer as answer2_0_0_, quiz0_.creator as creator3_0_0_, quiz0_.options as options4_0_0_, quiz0_.text as text5_0_0_, quiz0_.title as title6_0_0_ from quizzes quiz0_ where quiz0_.id=?
Hibernate: select solvedquiz0_.record_id as record_i1_2_0_, solvedquiz0_.completed_at as complete2_2_0_, solvedquiz0_.id as id3_2_0_, solvedquiz0_.user as user4_2_0_ from solved_quizzes solvedquiz0_ where solvedquiz0_.record_id=?
Hibernate: call next value for hibernate_sequence
Hibernate: insert into solved_quizzes (completed_at, id, user, record_id) values (?, ?, ?, ?)
?[1;31m
Start test 121?[0m
Hibernate: select user0_.id as id1_3_, user0_.email as email2_3_, user0_.password as password3_3_ from users user0_ where user0_.email=?
Hibernate: select roles0_.user_id as user_id1_4_0_, roles0_.roles_id as roles_id2_4_0_, role1_.id as id1_1_1_, role1_.name as name2_1_1_ from users_roles roles0_ inner join roles role1_ on roles0_.roles_id=role1_.id where roles0_.user_id=?
Hibernate: select quiz0_.id as id1_0_0_, quiz0_.answer as answer2_0_0_, quiz0_.creator as creator3_0_0_, quiz0_.options as options4_0_0_, quiz0_.text as text5_0_0_, quiz0_.title as title6_0_0_ from quizzes quiz0_ where quiz0_.id=?
?[1;31m
Start test 122?[0m
Hibernate: select user0_.id as id1_3_, user0_.email as email2_3_, user0_.password as password3_3_ from users user0_ where user0_.email=?
Hibernate: select roles0_.user_id as user_id1_4_0_, roles0_.roles_id as roles_id2_4_0_, role1_.id as id1_1_1_, role1_.name as name2_1_1_ from users_roles roles0_ inner join roles role1_ on roles0_.roles_id=role1_.id where roles0_.user_id=?
Hibernate: select quiz0_.id as id1_0_0_, quiz0_.answer as answer2_0_0_, quiz0_.creator as creator3_0_0_, quiz0_.options as options4_0_0_, quiz0_.text as text5_0_0_, quiz0_.title as title6_0_0_ from quizzes quiz0_ where quiz0_.id=?
?[1;31m
Start test 123?[0m
Hibernate: select user0_.id as id1_3_, user0_.email as email2_3_, user0_.password as password3_3_ from users user0_ where user0_.email=?
Hibernate: select roles0_.user_id as user_id1_4_0_, roles0_.roles_id as roles_id2_4_0_, role1_.id as id1_1_1_, role1_.name as name2_1_1_ from users_roles roles0_ inner join roles role1_ on roles0_.roles_id=role1_.id where roles0_.user_id=?
Hibernate: select quiz0_.id as id1_0_0_, quiz0_.answer as answer2_0_0_, quiz0_.creator as creator3_0_0_, quiz0_.options as options4_0_0_, quiz0_.text as text5_0_0_, quiz0_.title as title6_0_0_ from quizzes quiz0_ where quiz0_.id=?
?[1;31m
Start test 124?[0m
Hibernate: select user0_.id as id1_3_, user0_.email as email2_3_, user0_.password as password3_3_ from users user0_ where user0_.email=?
[...]
Hibernate: select quiz0_.id as id1_0_0_, quiz0_.answer as answer2_0_0_, quiz0_.creator as creator3_0_0_, quiz0_.options as options4_0_0_, quiz0_.text as text5_0_0_, quiz0_.title as title6_0_0_ from quizzes quiz0_ where quiz0_.id=?
?[1;31m
Start test 200?[0m
Hibernate: select user0_.id as id1_3_, user0_.email as email2_3_, user0_.password as password3_3_ from users user0_ where user0_.email=?
Hibernate: select roles0_.user_id as user_id1_4_0_, roles0_.roles_id as roles_id2_4_0_, role1_.id as id1_1_1_, role1_.name as name2_1_1_ from users_roles roles0_ inner join roles role1_ on roles0_.roles_id=role1_.id where roles0_.user_id=?
Hibernate: select quiz0_.id as id1_0_0_, quiz0_.answer as answer2_0_0_, quiz0_.creator as creator3_0_0_, quiz0_.options as options4_0_0_, quiz0_.text as text5_0_0_, quiz0_.title as title6_0_0_ from quizzes quiz0_ where quiz0_.id=?
?[1;31m
Start test 201?[0m
Hibernate: select user0_.id as id1_3_, user0_.email as email2_3_, user0_.password as password3_3_ from users user0_ where user0_.email=?
Hibernate: select roles0_.user_id as user_id1_4_0_, roles0_.roles_id as roles_id2_4_0_, role1_.id as id1_1_1_, role1_.name as name2_1_1_ from users_roles roles0_ inner join roles role1_ on roles0_.roles_id=role1_.id where roles0_.user_id=?
Hibernate: select quiz0_.id as id1_0_0_, quiz0_.answer as answer2_0_0_, quiz0_.creator as creator3_0_0_, quiz0_.options as options4_0_0_, quiz0_.text as text5_0_0_, quiz0_.title as title6_0_0_ from quizzes quiz0_ where quiz0_.id=?
?[1;31m
Start test 202?[0m
Hibernate: select user0_.id as id1_3_, user0_.email as email2_3_, user0_.password as password3_3_ from users user0_ where user0_.email=?
Hibernate: select roles0_.user_id as user_id1_4_0_, roles0_.roles_id as roles_id2_4_0_, role1_.id as id1_1_1_, role1_.name as name2_1_1_ from users_roles roles0_ inner join roles role1_ on roles0_.roles_id=role1_.id where roles0_.user_id=?
Hibernate: select quiz0_.id as id1_0_0_, quiz0_.answer as answer2_0_0_, quiz0_.creator as creator3_0_0_, quiz0_.options as options4_0_0_, quiz0_.text as text5_0_0_, quiz0_.title as title6_0_0_ from quizzes quiz0_ where quiz0_.id=?
?[1;31m
Start test 203?[0m
Hibernate: select user0_.id as id1_3_, user0_.email as email2_3_, user0_.password as password3_3_ from users user0_ where user0_.email=?
Hibernate: select roles0_.user_id as user_id1_4_0_, roles0_.roles_id as roles_id2_4_0_, role1_.id as id1_1_1_, role1_.name as name2_1_1_ from users_roles roles0_ inner join roles role1_ on roles0_.roles_id=role1_.id where roles0_.user_id=?
Hibernate: select quiz0_.id as id1_0_0_, quiz0_.answer as answer2_0_0_, quiz0_.creator as creator3_0_0_, quiz0_.options as options4_0_0_, quiz0_.text as text5_0_0_, quiz0_.title as title6_0_0_ from quizzes quiz0_ where quiz0_.id=?
?[1;31m
Start test 204?[0m
Hibernate: select user0_.id as id1_3_, user0_.email as email2_3_, user0_.password as password3_3_ from users user0_ where user0_.email=?
Hibernate: select roles0_.user_id as user_id1_4_0_, roles0_.roles_id as roles_id2_4_0_, role1_.id as id1_1_1_, role1_.name as name2_1_1_ from users_roles roles0_ inner join roles role1_ on roles0_.roles_id=role1_.id where roles0_.user_id=?
Hibernate: select quiz0_.id as id1_0_0_, quiz0_.answer as answer2_0_0_, quiz0_.creator as creator3_0_0_, quiz0_.options as options4_0_0_, quiz0_.text as text5_0_0_, quiz0_.title as title6_0_0_ from quizzes quiz0_ where quiz0_.id=?
?[1;31m
Start test 205?[0m
Hibernate: select user0_.id as id1_3_, user0_.email as email2_3_, user0_.password as password3_3_ from users user0_ where user0_.email=?
Hibernate: select roles0_.user_id as user_id1_4_0_, roles0_.roles_id as roles_id2_4_0_, role1_.id as id1_1_1_, role1_.name as name2_1_1_ from users_roles roles0_ inner join roles role1_ on roles0_.roles_id=role1_.id where roles0_.user_id=?
Hibernate: select quiz0_.id as id1_0_0_, quiz0_.answer as answer2_0_0_, quiz0_.creator as creator3_0_0_, quiz0_.options as options4_0_0_, quiz0_.text as text5_0_0_, quiz0_.title as title6_0_0_ from quizzes quiz0_ where quiz0_.id=?
Hibernate: delete from quizzes where id=?
?[1;31m
Start test 206?[0m
Hibernate: select user0_.id as id1_3_, user0_.email as email2_3_, user0_.password as password3_3_ from users user0_ where user0_.email=?
Hibernate: select roles0_.user_id as user_id1_4_0_, roles0_.roles_id as roles_id2_4_0_, role1_.id as id1_1_1_, role1_.name as name2_1_1_ from users_roles roles0_ inner join roles role1_ on roles0_.roles_id=role1_.id where roles0_.user_id=?
Hibernate: select quiz0_.id as id1_0_0_, quiz0_.answer as answer2_0_0_, quiz0_.creator as creator3_0_0_, quiz0_.options as options4_0_0_, quiz0_.text as text5_0_0_, quiz0_.title as title6_0_0_ from quizzes quiz0_ where quiz0_.id=?
?[1;31m
Start test 207?[0m
Hibernate: select user0_.id as id1_3_, user0_.email as email2_3_, user0_.password as password3_3_ from users user0_ where user0_.email=?
Hibernate: select roles0_.user_id as user_id1_4_0_, roles0_.roles_id as roles_id2_4_0_, role1_.id as id1_1_1_, role1_.name as name2_1_1_ from users_roles roles0_ inner join roles role1_ on roles0_.roles_id=role1_.id where roles0_.user_id=?
Hibernate: select quiz0_.id as id1_0_0_, quiz0_.answer as answer2_0_0_, quiz0_.creator as creator3_0_0_, quiz0_.options as options4_0_0_, quiz0_.text as text5_0_0_, quiz0_.title as title6_0_0_ from quizzes quiz0_ where quiz0_.id=?
?[1;31m
Start test 208?[0m
Hibernate: select user0_.id as id1_3_, user0_.email as email2_3_, user0_.password as password3_3_ from users user0_ where user0_.email=?
Hibernate: select roles0_.user_id as user_id1_4_0_, roles0_.roles_id as roles_id2_4_0_, role1_.id as id1_1_1_, role1_.name as name2_1_1_ from users_roles roles0_ inner join roles role1_ on roles0_.roles_id=role1_.id where roles0_.user_id=?
Hibernate: select quiz0_.id as id1_0_0_, quiz0_.answer as answer2_0_0_, quiz0_.creator as creator3_0_0_, quiz0_.options as options4_0_0_, quiz0_.text as text5_0_0_, quiz0_.title as title6_0_0_ from quizzes quiz0_ where quiz0_.id=?
?[1;31m
Start test 209?[0m
Hibernate: select user0_.id as id1_3_, user0_.email as email2_3_, user0_.password as password3_3_ from users user0_ where user0_.email=?
Hibernate: select roles0_.user_id as user_id1_4_0_, roles0_.roles_id as roles_id2_4_0_, role1_.id as id1_1_1_, role1_.name as name2_1_1_ from users_roles roles0_ inner join roles role1_ on roles0_.roles_id=role1_.id where roles0_.user_id=?
Hibernate: select quiz0_.id as id1_0_0_, quiz0_.answer as answer2_0_0_, quiz0_.creator as creator3_0_0_, quiz0_.options as options4_0_0_, quiz0_.text as text5_0_0_, quiz0_.title as title6_0_0_ from quizzes quiz0_ where quiz0_.id=?
?[1;31m
Start test 210?[0m
Hibernate: select user0_.id as id1_3_, user0_.email as email2_3_, user0_.password as password3_3_ from users user0_ where user0_.email=?
Hibernate: select roles0_.user_id as user_id1_4_0_, roles0_.roles_id as roles_id2_4_0_, role1_.id as id1_1_1_, role1_.name as name2_1_1_ from users_roles roles0_ inner join roles role1_ on roles0_.roles_id=role1_.id where roles0_.user_id=?
Hibernate: select quiz0_.id as id1_0_0_, quiz0_.answer as answer2_0_0_, quiz0_.creator as creator3_0_0_, quiz0_.options as options4_0_0_, quiz0_.text as text5_0_0_, quiz0_.title as title6_0_0_ from quizzes quiz0_ where quiz0_.id=?
?[1;31m
Start test 211?[0m
Hibernate: select user0_.id as id1_3_, user0_.email as email2_3_, user0_.password as password3_3_ from users user0_ where user0_.email=?
Hibernate: select roles0_.user_id as user_id1_4_0_, roles0_.roles_id as roles_id2_4_0_, role1_.id as id1_1_1_, role1_.name as name2_1_1_ from users_roles roles0_ inner join roles role1_ on roles0_.roles_id=role1_.id where roles0_.user_id=?
Hibernate: select quiz0_.id as id1_0_0_, quiz0_.answer as answer2_0_0_, quiz0_.creator as creator3_0_0_, quiz0_.options as options4_0_0_, quiz0_.text as text5_0_0_, quiz0_.title as title6_0_0_ from quizzes quiz0_ where quiz0_.id=?
?[1;31m
Start test 212?[0m
Hibernate: select user0_.id as id1_3_, user0_.email as email2_3_, user0_.password as password3_3_ from users user0_ where user0_.email=?
Hibernate: select roles0_.user_id as user_id1_4_0_, roles0_.roles_id as roles_id2_4_0_, role1_.id as id1_1_1_, role1_.name as name2_1_1_ from users_roles roles0_ inner join roles role1_ on roles0_.roles_id=role1_.id where roles0_.user_id=?
Hibernate: select quiz0_.id as id1_0_, quiz0_.answer as answer2_0_, quiz0_.creator as creator3_0_, quiz0_.options as options4_0_, quiz0_.text as text5_0_, quiz0_.title as title6_0_ from quizzes quiz0_ limit ?
?[1;31m
Start test 213?[0m
Hibernate: select user0_.id as id1_3_, user0_.email as email2_3_, user0_.password as password3_3_ from users user0_ where user0_.email=?
Hibernate: select roles0_.user_id as user_id1_4_0_, roles0_.roles_id as roles_id2_4_0_, role1_.id as id1_1_1_, role1_.name as name2_1_1_ from users_roles roles0_ inner join roles role1_ on roles0_.roles_id=role1_.id where roles0_.user_id=?
Hibernate: select quiz0_.id as id1_0_, quiz0_.answer as answer2_0_, quiz0_.creator as creator3_0_, quiz0_.options as options4_0_, quiz0_.text as text5_0_, quiz0_.title as title6_0_ from quizzes quiz0_ limit ?
?[1;31m
Start test 214?[0m
Hibernate: select user0_.id as id1_3_, user0_.email as email2_3_, user0_.password as password3_3_ from users user0_ where user0_.email=?
Hibernate: select roles0_.user_id as user_id1_4_0_, roles0_.roles_id as roles_id2_4_0_, role1_.id as id1_1_1_, role1_.name as name2_1_1_ from users_roles roles0_ inner join roles role1_ on roles0_.roles_id=role1_.id where roles0_.user_id=?
Hibernate: select quiz0_.id as id1_0_0_, quiz0_.answer as answer2_0_0_, quiz0_.creator as creator3_0_0_, quiz0_.options as options4_0_0_, quiz0_.text as text5_0_0_, quiz0_.title as title6_0_0_ from quizzes quiz0_ where quiz0_.id=?
?[1;31m
Start test 215?[0m
Hibernate: select user0_.id as id1_3_, user0_.email as email2_3_, user0_.password as password3_3_ from users user0_ where user0_.email=?
Hibernate: select roles0_.user_id as user_id1_4_0_, roles0_.roles_id as roles_id2_4_0_, role1_.id as id1_1_1_, role1_.name as name2_1_1_ from users_roles roles0_ inner join roles role1_ on roles0_.roles_id=role1_.id where roles0_.user_id=?
Hibernate: select quiz0_.id as id1_0_0_, quiz0_.answer as answer2_0_0_, quiz0_.creator as creator3_0_0_, quiz0_.options as options4_0_0_, quiz0_.text as text5_0_0_, quiz0_.title as title6_0_0_ from quizzes quiz0_ where quiz0_.id=?
?[1;31m
Start test 216?[0m
Hibernate: select user0_.id as id1_3_, user0_.email as email2_3_, user0_.password as password3_3_ from users user0_ where user0_.email=?
Hibernate: select roles0_.user_id as user_id1_4_0_, roles0_.roles_id as roles_id2_4_0_, role1_.id as id1_1_1_, role1_.name as name2_1_1_ from users_roles roles0_ inner join roles role1_ on roles0_.roles_id=role1_.id where roles0_.user_id=?
Hibernate: select quiz0_.id as id1_0_0_, quiz0_.answer as answer2_0_0_, quiz0_.creator as creator3_0_0_, quiz0_.options as options4_0_0_, quiz0_.text as text5_0_0_, quiz0_.title as title6_0_0_ from quizzes quiz0_ where quiz0_.id=?
?[1;31m
Start test 217?[0m
Hibernate: select user0_.id as id1_3_, user0_.email as email2_3_, user0_.password as password3_3_ from users user0_ where user0_.email=?
Hibernate: select roles0_.user_id as user_id1_4_0_, roles0_.roles_id as roles_id2_4_0_, role1_.id as id1_1_1_, role1_.name as name2_1_1_ from users_roles roles0_ inner join roles role1_ on roles0_.roles_id=role1_.id where roles0_.user_id=?
Hibernate: select quiz0_.id as id1_0_0_, quiz0_.answer as answer2_0_0_, quiz0_.creator as creator3_0_0_, quiz0_.options as options4_0_0_, quiz0_.text as text5_0_0_, quiz0_.title as title6_0_0_ from quizzes quiz0_ where quiz0_.id=?
?[1;31m
Start test 218?[0m
Hibernate: select user0_.id as id1_3_, user0_.email as email2_3_, user0_.password as password3_3_ from users user0_ where user0_.email=?
Hibernate: select roles0_.user_id as user_id1_4_0_, roles0_.roles_id as roles_id2_4_0_, role1_.id as id1_1_1_, role1_.name as name2_1_1_ from users_roles roles0_ inner join roles role1_ on roles0_.roles_id=role1_.id where roles0_.user_id=?
Hibernate: call next value for hibernate_sequence
Hibernate: insert into quizzes (answer, creator, options, text, title, id) values (?, ?, ?, ?, ?, ?)
?[1;31m
Start test 219?[0m
Hibernate: select user0_.id as id1_3_, user0_.email as email2_3_, user0_.password as password3_3_ from users user0_ where user0_.email=?
Hibernate: select roles0_.user_id as user_id1_4_0_, roles0_.roles_id as roles_id2_4_0_, role1_.id as id1_1_1_, role1_.name as name2_1_1_ from users_roles roles0_ inner join roles role1_ on roles0_.roles_id=role1_.id where roles0_.user_id=?
Hibernate: call next value for hibernate_sequence
Hibernate: insert into quizzes (answer, creator, options, text, title, id) values (?, ?, ?, ?, ?, ?)
?[1;31m
Start test 220?[0m
Hibernate: select user0_.id as id1_3_, user0_.email as email2_3_, user0_.password as password3_3_ from users user0_ where user0_.email=?
Hibernate: select roles0_.user_id as user_id1_4_0_, roles0_.roles_id as roles_id2_4_0_, role1_.id as id1_1_1_, role1_.name as name2_1_1_ from users_roles roles0_ inner join roles role1_ on roles0_.roles_id=role1_.id where roles0_.user_id=?
Hibernate: call next value for hibernate_sequence
Hibernate: insert into quizzes (answer, creator, options, text, title, id) values (?, ?, ?, ?, ?, ?)
?[1;31m
Start test 221?[0m
Hibernate: select user0_.id as id1_3_, user0_.email as email2_3_, user0_.password as password3_3_ from users user0_ where user0_.email=?
Hibernate: select roles0_.user_id as user_id1_4_0_, roles0_.roles_id as roles_id2_4_0_, role1_.id as id1_1_1_, role1_.name as name2_1_1_ from users_roles roles0_ inner join roles role1_ on roles0_.roles_id=role1_.id where roles0_.user_id=?
Hibernate: call next value for hibernate_sequence
Hibernate: insert into quizzes (answer, creator, options, text, title, id) values (?, ?, ?, ?, ?, ?)
?[1;31m
Start test 222?[0m
Hibernate: select user0_.id as id1_3_, user0_.email as email2_3_, user0_.password as password3_3_ from users user0_ where user0_.email=?
Hibernate: select roles0_.user_id as user_id1_4_0_, roles0_.roles_id as roles_id2_4_0_, role1_.id as id1_1_1_, role1_.name as name2_1_1_ from users_roles roles0_ inner join roles role1_ on roles0_.roles_id=role1_.id where roles0_.user_id=?
Hibernate: call next value for hibernate_sequence
Hibernate: insert into quizzes (answer, creator, options, text, title, id) values (?, ?, ?, ?, ?, ?)
?[1;31m
Start test 223?[0m
Hibernate: select user0_.id as id1_3_, user0_.email as email2_3_, user0_.password as password3_3_ from users user0_ where user0_.email=?
Hibernate: select roles0_.user_id as user_id1_4_0_, roles0_.roles_id as roles_id2_4_0_, role1_.id as id1_1_1_, role1_.name as name2_1_1_ from users_roles roles0_ inner join roles role1_ on roles0_.roles_id=role1_.id where roles0_.user_id=?
Hibernate: call next value for hibernate_sequence
Hibernate: insert into quizzes (answer, creator, options, text, title, id) values (?, ?, ?, ?, ?, ?)
?[1;31m
Start test 224?[0m
Hibernate: select user0_.id as id1_3_, user0_.email as email2_3_, user0_.password as password3_3_ from users user0_ where user0_.email=?
Hibernate: select roles0_.user_id as user_id1_4_0_, roles0_.roles_id as roles_id2_4_0_, role1_.id as id1_1_1_, role1_.name as name2_1_1_ from users_roles roles0_ inner join roles role1_ on roles0_.roles_id=role1_.id where roles0_.user_id=?
Hibernate: call next value for hibernate_sequence
Hibernate: insert into quizzes (answer, creator, options, text, title, id) values (?, ?, ?, ?, ?, ?)
?[1;31m
Start test 225?[0m
Hibernate: select user0_.id as id1_3_, user0_.email as email2_3_, user0_.password as password3_3_ from users user0_ where user0_.email=?
Hibernate: select roles0_.user_id as user_id1_4_0_, roles0_.roles_id as roles_id2_4_0_, role1_.id as id1_1_1_, role1_.name as name2_1_1_ from users_roles roles0_ inner join roles role1_ on roles0_.roles_id=role1_.id where roles0_.user_id=?
Hibernate: call next value for hibernate_sequence
Hibernate: insert into quizzes (answer, creator, options, text, title, id) values (?, ?, ?, ?, ?, ?)
?[1;31m
Start test 226?[0m
Hibernate: select user0_.id as id1_3_, user0_.email as email2_3_, user0_.password as password3_3_ from users user0_ where user0_.email=?
Hibernate: select roles0_.user_id as user_id1_4_0_, roles0_.roles_id as roles_id2_4_0_, role1_.id as id1_1_1_, role1_.name as name2_1_1_ from users_roles roles0_ inner join roles role1_ on roles0_.roles_id=role1_.id where roles0_.user_id=?
Hibernate: call next value for hibernate_sequence
Hibernate: insert into quizzes (answer, creator, options, text, title, id) values (?, ?, ?, ?, ?, ?)
?[1;31m
Start test 227?[0m
Hibernate: select user0_.id as id1_3_, user0_.email as email2_3_, user0_.password as password3_3_ from users user0_ where user0_.email=?
Hibernate: select roles0_.user_id as user_id1_4_0_, roles0_.roles_id as roles_id2_4_0_, role1_.id as id1_1_1_, role1_.name as name2_1_1_ from users_roles roles0_ inner join roles role1_ on roles0_.roles_id=role1_.id where roles0_.user_id=?
Hibernate: call next value for hibernate_sequence
Hibernate: insert into quizzes (answer, creator, options, text, title, id) values (?, ?, ?, ?, ?, ?)
?[1;31m
Start test 228?[0m
Hibernate: select user0_.id as id1_3_, user0_.email as email2_3_, user0_.password as password3_3_ from users user0_ where user0_.email=?
Hibernate: select roles0_.user_id as user_id1_4_0_, roles0_.roles_id as roles_id2_4_0_, role1_.id as id1_1_1_, role1_.name as name2_1_1_ from users_roles roles0_ inner join roles role1_ on roles0_.roles_id=role1_.id where roles0_.user_id=?
Hibernate: select quiz0_.id as id1_0_, quiz0_.answer as answer2_0_, quiz0_.creator as creator3_0_, quiz0_.options as options4_0_, quiz0_.text as text5_0_, quiz0_.title as title6_0_ from quizzes quiz0_ limit ?
Hibernate: select count(quiz0_.id) as col_0_0_ from quizzes quiz0_
?[1;31m
Start test 229?[0m
Hibernate: select user0_.id as id1_3_, user0_.email as email2_3_, user0_.password as password3_3_ from users user0_ where user0_.email=?
Hibernate: select roles0_.user_id as user_id1_4_0_, roles0_.roles_id as roles_id2_4_0_, role1_.id as id1_1_1_, role1_.name as name2_1_1_ from users_roles roles0_ inner join roles role1_ on roles0_.roles_id=role1_.id where roles0_.user_id=?
Hibernate: select quiz0_.id as id1_0_, quiz0_.answer as answer2_0_, quiz0_.creator as creator3_0_, quiz0_.options as options4_0_, quiz0_.text as text5_0_, quiz0_.title as title6_0_ from quizzes quiz0_ limit ?
Hibernate: select count(quiz0_.id) as col_0_0_ from quizzes quiz0_
?[1;31m
Start test 230?[0m
Hibernate: select user0_.id as id1_3_, user0_.email as email2_3_, user0_.password as password3_3_ from users user0_ where user0_.email=?
Hibernate: select roles0_.user_id as user_id1_4_0_, roles0_.roles_id as roles_id2_4_0_, role1_.id as id1_1_1_, role1_.name as name2_1_1_ from users_roles roles0_ inner join roles role1_ on roles0_.roles_id=role1_.id where roles0_.user_id=?
Hibernate: select quiz0_.id as id1_0_, quiz0_.answer as answer2_0_, quiz0_.creator as creator3_0_, quiz0_.options as options4_0_, quiz0_.text as text5_0_, quiz0_.title as title6_0_ from quizzes quiz0_ limit ? offset ?
?[1;31m
Start test 231?[0m
Hibernate: select user0_.id as id1_3_, user0_.email as email2_3_, user0_.password as password3_3_ from users user0_ where user0_.email=?
Hibernate: select roles0_.user_id as user_id1_4_0_, roles0_.roles_id as roles_id2_4_0_, role1_.id as id1_1_1_, role1_.name as name2_1_1_ from users_roles roles0_ inner join roles role1_ on roles0_.roles_id=role1_.id where roles0_.user_id=?
Hibernate: select quiz0_.id as id1_0_, quiz0_.answer as answer2_0_, quiz0_.creator as creator3_0_, quiz0_.options as options4_0_, quiz0_.text as text5_0_, quiz0_.title as title6_0_ from quizzes quiz0_ limit ? offset ?
]]></system-out>
  <system-err><![CDATA[]]></system-err>
</testsuite>
